1614130478321	geckodriver	INFO	Listening on 127.0.0.1:51335
1614130481389	mozrunner::runner	INFO	Running command: "C:\\Program Files\\Mozilla Firefox\\firefox.exe" "--marionette" "-foreground" "-no-remote" "-profile" "C:\\Users\\mwies\\AppData\\Local\\Temp\\rust_mozprofileK3ftWP"
console.warn: SearchSettings: "get: No settings file exists, new profile?" (new Error("", "(unknown module)"))
console.warn: SearchSettings: "get: No settings file exists, new profile?" (new Error("", "(unknown module)"))
1614130484955	Marionette	INFO	Listening on port 51344
1614130485108	Marionette	WARN	TLS certificate errors will be ignored for this session
1614130485127	Marionette	ERROR	[18] No reply from Marionette:Register
1614130485785	Marionette	WARN	Ignoring event 'DOMContentLoaded' because document has an invalid readyState of 'complete'.
JavaScript warning: https://www.goodlifefitness.com/_Incapsula_Resource?SWJIYLWA=719d34d31c8e3a6e6fffd425f7e032f3&ns=19&cb=677932122, line 1: unreachable code after return statement
JavaScript warning: https://www.goodlifefitness.com/_Incapsula_Resource?SWJIYLWA=719d34d31c8e3a6e6fffd425f7e032f3&ns=19&cb=677932122, line 1: unreachable code after return statement
JavaScript warning: https://www.goodlifefitness.com/_Incapsula_Resource?SWJIYLWA=719d34d31c8e3a6e6fffd425f7e032f3&ns=19&cb=677932122, line 1: unreachable code after return statement
JavaScript warning: https://www.goodlifefitness.com/_Incapsula_Resource?SWJIYLWA=719d34d31c8e3a6e6fffd425f7e032f3&ns=19&cb=677932122 line 1 > eval, line 1: unreachable code after return statement
JavaScript warning: https://www.goodlifefitness.com/_Incapsula_Resource?SWJIYLWA=719d34d31c8e3a6e6fffd425f7e032f3&ns=19&cb=677932122 line 1 > eval, line 1: unreachable code after return statement
JavaScript warning: https://www.goodlifefitness.com/_Incapsula_Resource?SWJIYLWA=719d34d31c8e3a6e6fffd425f7e032f3&ns=1&cb=1376586369, line 1: unreachable code after return statement
JavaScript warning: https://www.goodlifefitness.com/_Incapsula_Resource?SWJIYLWA=719d34d31c8e3a6e6fffd425f7e032f3&ns=1&cb=1376586369, line 1: unreachable code after return statement
JavaScript warning: https://www.goodlifefitness.com/_Incapsula_Resource?SWJIYLWA=719d34d31c8e3a6e6fffd425f7e032f3&ns=1&cb=1376586369, line 1: unreachable code after return statement
JavaScript warning: https://www.goodlifefitness.com/_Incapsula_Resource?SWJIYLWA=719d34d31c8e3a6e6fffd425f7e032f3&ns=1&cb=1376586369 line 1 > eval, line 1: unreachable code after return statement
JavaScript warning: https://www.goodlifefitness.com/_Incapsula_Resource?SWJIYLWA=719d34d31c8e3a6e6fffd425f7e032f3&ns=1&cb=1376586369 line 1 > eval, line 1: unreachable code after return statement
JavaScript warning: https://platform.vixyvideo.com/p/491/sp/49100/embedIframeJs/uiconf_id/23453897/partner_id/491, line 22: unreachable code after return statement
1614130543158	Marionette	INFO	Stopped listening on port 51344

###!!! [Child][RunMessage] Error: Channel closing: too late to send/recv, messages will be lost

1614130545478	geckodriver	INFO	Listening on 127.0.0.1:51477
1614130548551	mozrunner::runner	INFO	Running command: "C:\\Program Files\\Mozilla Firefox\\firefox.exe" "--marionette" "-foreground" "-no-remote" "-profile" "C:\\Users\\mwies\\AppData\\Local\\Temp\\rust_mozprofileEWMXUY"
console.warn: SearchSettings: "get: No settings file exists, new profile?" (new Error("", "(unknown module)"))
console.warn: SearchSettings: "get: No settings file exists, new profile?" (new Error("", "(unknown module)"))
1614130551354	Marionette	INFO	Listening on port 51486
1614130551733	Marionette	WARN	TLS certificate errors will be ignored for this session
1614130551748	Marionette	ERROR	[15] No reply from Marionette:Register
1614130552380	Marionette	WARN	Ignoring event 'DOMContentLoaded' because document has an invalid readyState of 'complete'.
JavaScript warning: https://www.goodlifefitness.com/_Incapsula_Resource?SWJIYLWA=719d34d31c8e3a6e6fffd425f7e032f3&ns=19&cb=1150143795, line 1: unreachable code after return statement
JavaScript warning: https://www.goodlifefitness.com/_Incapsula_Resource?SWJIYLWA=719d34d31c8e3a6e6fffd425f7e032f3&ns=19&cb=1150143795, line 1: unreachable code after return statement
JavaScript warning: https://www.goodlifefitness.com/_Incapsula_Resource?SWJIYLWA=719d34d31c8e3a6e6fffd425f7e032f3&ns=19&cb=1150143795, line 1: unreachable code after return statement
JavaScript warning: https://www.goodlifefitness.com/_Incapsula_Resource?SWJIYLWA=719d34d31c8e3a6e6fffd425f7e032f3&ns=19&cb=1150143795 line 1 > eval, line 1: unreachable code after return statement
JavaScript warning: https://www.goodlifefitness.com/_Incapsula_Resource?SWJIYLWA=719d34d31c8e3a6e6fffd425f7e032f3&ns=19&cb=1150143795 line 1 > eval, line 1: unreachable code after return statement
JavaScript warning: https://www.goodlifefitness.com/_Incapsula_Resource?SWJIYLWA=719d34d31c8e3a6e6fffd425f7e032f3&ns=1&cb=1664737861, line 1: unreachable code after return statement
JavaScript warning: https://www.goodlifefitness.com/_Incapsula_Resource?SWJIYLWA=719d34d31c8e3a6e6fffd425f7e032f3&ns=1&cb=1664737861, line 1: unreachable code after return statement
JavaScript warning: https://www.goodlifefitness.com/_Incapsula_Resource?SWJIYLWA=719d34d31c8e3a6e6fffd425f7e032f3&ns=1&cb=1664737861, line 1: unreachable code after return statement
JavaScript warning: https://www.goodlifefitness.com/_Incapsula_Resource?SWJIYLWA=719d34d31c8e3a6e6fffd425f7e032f3&ns=1&cb=1664737861 line 1 > eval, line 1: unreachable code after return statement
JavaScript warning: https://www.goodlifefitness.com/_Incapsula_Resource?SWJIYLWA=719d34d31c8e3a6e6fffd425f7e032f3&ns=1&cb=1664737861 line 1 > eval, line 1: unreachable code after return statement
JavaScript warning: https://platform.vixyvideo.com/p/491/sp/49100/embedIframeJs/uiconf_id/23453897/partner_id/491, line 22: unreachable code after return statement
1614130600227	Marionette	INFO	Stopped listening on port 51486

###!!! [Child][RunMessage] Error: Channel closing: too late to send/recv, messages will be lost

1614130605791	geckodriver	INFO	Listening on 127.0.0.1:51612
1614130608848	mozrunner::runner	INFO	Running command: "C:\\Program Files\\Mozilla Firefox\\firefox.exe" "--marionette" "-foreground" "-no-remote" "-profile" "C:\\Users\\mwies\\AppData\\Local\\Temp\\rust_mozprofiletaLDyO"
console.warn: SearchSettings: "get: No settings file exists, new profile?" (new Error("", "(unknown module)"))
console.warn: SearchSettings: "get: No settings file exists, new profile?" (new Error("", "(unknown module)"))
1614130611717	Marionette	INFO	Listening on port 51621
1614130612061	Marionette	WARN	TLS certificate errors will be ignored for this session
1614130612075	Marionette	ERROR	[18] No reply from Marionette:Register
1614130612692	Marionette	WARN	Ignoring event 'DOMContentLoaded' because document has an invalid readyState of 'complete'.
JavaScript warning: https://www.goodlifefitness.com/_Incapsula_Resource?SWJIYLWA=719d34d31c8e3a6e6fffd425f7e032f3&ns=19&cb=638212396, line 1: unreachable code after return statement
JavaScript warning: https://www.goodlifefitness.com/_Incapsula_Resource?SWJIYLWA=719d34d31c8e3a6e6fffd425f7e032f3&ns=19&cb=638212396, line 1: unreachable code after return statement
JavaScript warning: https://www.goodlifefitness.com/_Incapsula_Resource?SWJIYLWA=719d34d31c8e3a6e6fffd425f7e032f3&ns=19&cb=638212396, line 1: unreachable code after return statement
JavaScript warning: https://www.goodlifefitness.com/_Incapsula_Resource?SWJIYLWA=719d34d31c8e3a6e6fffd425f7e032f3&ns=19&cb=638212396 line 1 > eval, line 1: unreachable code after return statement
JavaScript warning: https://www.goodlifefitness.com/_Incapsula_Resource?SWJIYLWA=719d34d31c8e3a6e6fffd425f7e032f3&ns=19&cb=638212396 line 1 > eval, line 1: unreachable code after return statement
JavaScript warning: https://www.goodlifefitness.com/_Incapsula_Resource?SWJIYLWA=719d34d31c8e3a6e6fffd425f7e032f3&ns=1&cb=144429813, line 1: unreachable code after return statement
JavaScript warning: https://www.goodlifefitness.com/_Incapsula_Resource?SWJIYLWA=719d34d31c8e3a6e6fffd425f7e032f3&ns=1&cb=144429813, line 1: unreachable code after return statement
JavaScript warning: https://www.goodlifefitness.com/_Incapsula_Resource?SWJIYLWA=719d34d31c8e3a6e6fffd425f7e032f3&ns=1&cb=144429813, line 1: unreachable code after return statement
JavaScript warning: https://www.goodlifefitness.com/_Incapsula_Resource?SWJIYLWA=719d34d31c8e3a6e6fffd425f7e032f3&ns=1&cb=144429813 line 1 > eval, line 1: unreachable code after return statement
JavaScript warning: https://www.goodlifefitness.com/_Incapsula_Resource?SWJIYLWA=719d34d31c8e3a6e6fffd425f7e032f3&ns=1&cb=144429813 line 1 > eval, line 1: unreachable code after return statement
JavaScript warning: https://platform.vixyvideo.com/p/491/sp/49100/embedIframeJs/uiconf_id/23453897/partner_id/491, line 22: unreachable code after return statement
console.log: WebExtensions: reset-default-search: No addons in our list are installed.
JavaScript error: , line 0: NS_ERROR_NOT_AVAILABLE

###!!! [Parent][MessageChannel] Error: (msgtype=0x1F0011,name=PBackgroundStorage::Msg_Observe) Channel error: cannot send/recv


###!!! [Parent][MessageChannel] Error: (msgtype=0x1F0011,name=PBackgroundStorage::Msg_Observe) Channel error: cannot send/recv

1614226730474	Marionette	INFO	Stopped listening on port 51621
te errors will be ignored for this session
1614132047184	Marionette	ERROR	[15] No reply from Marionette:Register
1614132047633	Marionette	WARN	Ignoring event 'DOMContentLoaded' because document has an invalid readyState of 'complete'.
JavaScript warning: https://www.goodlifefitness.com/_Incapsula_Resource?SWJIYLWA=719d34d31c8e3a6e6fffd425f7e032f3&ns=12&cb=1135439680, line 1: unreachable code after return statement
JavaScript warning: https://www.goodlifefitness.com/_Incapsula_Resource?SWJIYLWA=719d34d31c8e3a6e6fffd425f7e032f3&ns=12&cb=1135439680, line 1: unreachable code after return statement
JavaScript warning: https://www.goodlifefitness.com/_Incapsula_Resource?SWJIYLWA=719d34d31c8e3a6e6fffd425f7e032f3&ns=12&cb=1135439680 line 1 > eval, line 1: unreachable code after return statement
JavaScript warning: https://www.goodlifefitness.com/_Incapsula_Resource?SWJIYLWA=719d34d31c8e3a6e6fffd425f7e032f3&ns=12&cb=1135439680 line 1 > eval, line 1: unreachable code after return statement
JavaScript warning: https://www.goodlifefitness.com/_Incapsula_Resource?SWJIYLWA=719d34d31c8e3a6e6fffd425f7e032f3&ns=1&cb=1659295959, line 1: unreachable code after return statement
JavaScript warning: https://www.goodlifefitness.com/_Incapsula_Resource?SWJIYLWA=719d34d31c8e3a6e6fffd425f7e032f3&ns=1&cb=1659295959, line 1: unreachable code after return statement
JavaScript warning: https://www.goodlifefitness.com/_Incapsula_Resource?SWJIYLWA=719d34d31c8e3a6e6fffd425f7e032f3&ns=1&cb=1659295959, line 1: unreachable code after return statement
JavaScript warning: https://www.goodlifefitness.com/_Incapsula_Resource?SWJIYLWA=719d34d31c8e3a6e6fffd425f7e032f3&ns=1&cb=1659295959 line 1 > eval, line 1: unreachable code after return statement
JavaScript warning: https://www.goodlifefitness.com/_Incapsula_Resource?SWJIYLWA=719d34d31c8e3a6e6fffd425f7e032f3&ns=1&cb=1659295959 line 1 > eval, line 1: unreachable code after return statement
JavaScript warning: https://platform.vixyvideo.com/p/491/sp/49100/embedIframeJs/uiconf_id/23453897/partner_id/491, line 22: unreachable code after return statement
1614132096131	Marionette	INFO	Stopped listening on port 52788

###!!! [Child][RunMessage] Error: Channel closing: too late to send/recv, messages will be lost

1614132106824	geckodriver	INFO	Listening on 127.0.0.1:52889
1614132114007	mozrunner::runner	INFO	Running command: "C:\\Program Files\\Mozilla Firefox\\firefox.exe" "--marionette" "-foreground" "-no-remote" "-profile" "C:\\Users\\mwies\\AppData\\Local\\Temp\\rust_mozprofilez6VXju"
1614132115367	Marionette	INFO	Listening on port 52902
1614132115558	Marionette	WARN	TLS certificate errors will be ignored for this session
1614132115572	Marionette	ERROR	[15] No reply from Marionette:Register
1614132116007	Marionette	WARN	Ignoring event 'DOMContentLoaded' because document has an invalid readyState of 'complete'.
JavaScript warning: https://www.goodlifefitness.com/_Incapsula_Resource?SWJIYLWA=719d34d31c8e3a6e6fffd425f7e032f3&ns=12&cb=1631309067, line 1: unreachable code after return statement
JavaScript warning: https://www.goodlifefitness.com/_Incapsula_Resource?SWJIYLWA=719d34d31c8e3a6e6fffd425f7e032f3&ns=12&cb=1631309067, line 1: unreachable code after return statement
JavaScript warning: https://www.goodlifefitness.com/_Incapsula_Resource?SWJIYLWA=719d34d31c8e3a6e6fffd425f7e032f3&ns=12&cb=1631309067, line 1: unreachable code after return statement
JavaScript warning: https://www.goodlifefitness.com/_Incapsula_Resource?SWJIYLWA=719d34d31c8e3a6e6fffd425f7e032f3&ns=12&cb=1631309067 line 1 > eval, line 1: unreachable code after return statement
JavaScript warning: https://www.goodlifefitness.com/_Incapsula_Resource?SWJIYLWA=719d34d31c8e3a6e6fffd425f7e032f3&ns=12&cb=1631309067 line 1 > eval, line 1: unreachable code after return statement
JavaScript warning: https://www.goodlifefitness.com/_Incapsula_Resource?SWJIYLWA=719d34d31c8e3a6e6fffd425f7e032f3&ns=1&cb=99508256, line 1: unreachable code after return statement
JavaScript warning: https://www.goodlifefitness.com/_Incapsula_Resource?SWJIYLWA=719d34d31c8e3a6e6fffd425f7e032f3&ns=1&cb=99508256, line 1: unreachable code after return statement
JavaScript warning: https://www.goodlifefitness.com/_Incapsula_Resource?SWJIYLWA=719d34d31c8e3a6e6fffd425f7e032f3&ns=1&cb=99508256, line 1: unreachable code after return statement
JavaScript warning: https://www.goodlifefitness.com/_Incapsula_Resource?SWJIYLWA=719d34d31c8e3a6e6fffd425f7e032f3&ns=1&cb=99508256 line 1 > eval, line 1: unreachable code after return statement
JavaScript warning: https://www.goodlifefitness.com/_Incapsula_Resource?SWJIYLWA=719d34d31c8e3a6e6fffd425f7e032f3&ns=1&cb=99508256 line 1 > eval, line 1: unreachable code after return statement
JavaScript error: https://glprd-brandsite-video.azurewebsites.net/video/?personId=1088407, line 4472: ReferenceError: kWidget is not defined
1614132145311	Marionette	INFO	Stopped listening on port 52902

###!!! [Child][RunMessage] Error: Channel closing: too late to send/recv, messages will be lost

1614132289770	geckodriver	INFO	Listening on 127.0.0.1:53058
1614132296942	mozrunner::runner	INFO	Running command: "C:\\Program Files\\Mozilla Firefox\\firefox.exe" "--marionette" "-foreground" "-no-remote" "-profile" "C:\\Users\\mwies\\AppData\\Local\\Temp\\rust_mozprofilepSIE4o"
1614132298446	Marionette	INFO	Listening on port 53070
1614132298487	Marionette	WARN	TLS certificate errors will be ignored for this session
1614132298505	Marionette	ERROR	[15] No reply from Marionette:Register
1614132298963	Marionette	WARN	Ignoring event 'DOMContentLoaded' because document has an invalid readyState of 'complete'.
JavaScript warning: https://www.goodlifefitness.com/_Incapsula_Resource?SWJIYLWA=719d34d31c8e3a6e6fffd425f7e032f3&ns=12&cb=1738372412, line 1: unreachable code after return statement
JavaScript warning: https://www.goodlifefitness.com/_Incapsula_Resource?SWJIYLWA=719d34d31c8e3a6e6fffd425f7e032f3&ns=12&cb=1738372412, line 1: unreachable code after return statement
JavaScript warning: https://www.goodlifefitness.com/_Incapsula_Resource?SWJIYLWA=719d34d31c8e3a6e6fffd425f7e032f3&ns=12&cb=1738372412, line 1: unreachable code after return statement
JavaScript warning: https://www.goodlifefitness.com/_Incapsula_Resource?SWJIYLWA=719d34d31c8e3a6e6fffd425f7e032f3&ns=12&cb=1738372412 line 1 > eval, line 1: unreachable code after return statement
JavaScript warning: https://www.goodlifefitness.com/_Incapsula_Resource?SWJIYLWA=719d34d31c8e3a6e6fffd425f7e032f3&ns=12&cb=1738372412 line 1 > eval, line 1: unreachable code after return statement
JavaScript warning: https://www.goodlifefitness.com/_Incapsula_Resource?SWJIYLWA=719d34d31c8e3a6e6fffd425f7e032f3&ns=1&cb=598495035, line 1: unreachable code after return statement
JavaScript warning: https://www.goodlifefitness.com/_Incapsula_Resource?SWJIYLWA=719d34d31c8e3a6e6fffd425f7e032f3&ns=1&cb=598495035, line 1: unreachable code after return statement
JavaScript warning: https://www.goodlifefitness.com/_Incapsula_Resource?SWJIYLWA=719d34d31c8e3a6e6fffd425f7e032f3&ns=1&cb=598495035, line 1: unreachable code after return statement
JavaScript warning: https://www.goodlifefitness.com/_Incapsula_Resource?SWJIYLWA=719d34d31c8e3a6e6fffd425f7e032f3&ns=1&cb=598495035 line 1 > eval, line 1: unreachable code after return statement
JavaScript warning: https://www.goodlifefitness.com/_Incapsula_Resource?SWJIYLWA=719d34d31c8e3a6e6fffd425f7e032f3&ns=1&cb=598495035 line 1 > eval, line 1: unreachable code after return statement
JavaScript warning: https://platform.vixyvideo.com/p/491/sp/49100/embedIframeJs/uiconf_id/23453897/partner_id/491, line 22: unreachable code after return statement
1614132328625	Marionette	INFO	Stopped listening on port 53070

###!!! [Child][RunMessage] Error: Channel closing: too late to send/recv, messages will be lost

1614132454000	geckodriver	INFO	Listening on 127.0.0.1:53220
1614132461237	mozrunner::runner	INFO	Running command: "C:\\Program Files\\Mozilla Firefox\\firefox.exe" "--marionette" "-foreground" "-no-remote" "-profile" "C:\\Users\\mwies\\AppData\\Local\\Temp\\rust_mozprofile5QVaH0"
1614132462680	Marionette	INFO	Listening on port 53231
1614132462786	Marionette	WARN	TLS certificate errors will be ignored for this session
1614132462797	Marionette	ERROR	[15] No reply from Marionette:Register
1614132463274	Marionette	WARN	Ignoring event 'DOMContentLoaded' because document has an invalid readyState of 'complete'.
JavaScript warning: https://www.goodlifefitness.com/_Incapsula_Resource?SWJIYLWA=719d34d31c8e3a6e6fffd425f7e032f3&ns=12&cb=22871693, line 1: unreachable code after return statement
JavaScript warning: https://www.goodlifefitness.com/_Incapsula_Resource?SWJIYLWA=719d34d31c8e3a6e6fffd425f7e032f3&ns=12&cb=22871693, line 1: unreachable code after return statement
JavaScript warning: https://www.goodlifefitness.com/_Incapsula_Resource?SWJIYLWA=719d34d31c8e3a6e6fffd425f7e032f3&ns=12&cb=22871693, line 1: unreachable code after return statement
JavaScript warning: https://www.goodlifefitness.com/_Incapsula_Resource?SWJIYLWA=719d34d31c8e3a6e6fffd425f7e032f3&ns=12&cb=22871693 line 1 > eval, line 1: unreachable code after return statement
JavaScript warning: https://www.goodlifefitness.com/_Incapsula_Resource?SWJIYLWA=719d34d31c8e3a6e6fffd425f7e032f3&ns=12&cb=22871693 line 1 > eval, line 1: unreachable code after return statement
JavaScript warning: https://www.goodlifefitness.com/_Incapsula_Resource?SWJIYLWA=719d34d31c8e3a6e6fffd425f7e032f3&ns=1&cb=385703038, line 1: unreachable code after return statement
JavaScript warning: https://www.goodlifefitness.com/_Incapsula_Resource?SWJIYLWA=719d34d31c8e3a6e6fffd425f7e032f3&ns=1&cb=385703038, line 1: unreachable code after return statement
JavaScript warning: https://www.goodlifefitness.com/_Incapsula_Resource?SWJIYLWA=719d34d31c8e3a6e6fffd425f7e032f3&ns=1&cb=385703038, line 1: unreachable code after return statement
JavaScript warning: https://www.goodlifefitness.com/_Incapsula_Resource?SWJIYLWA=719d34d31c8e3a6e6fffd425f7e032f3&ns=1&cb=385703038 line 1 > eval, line 1: unreachable code after return statement
JavaScript warning: https://www.goodlifefitness.com/_Incapsula_Resource?SWJIYLWA=719d34d31c8e3a6e6fffd425f7e032f3&ns=1&cb=385703038 line 1 > eval, line 1: unreachable code after return statement
JavaScript warning: https://platform.vixyvideo.com/p/491/sp/49100/embedIframeJs/uiconf_id/23453897/partner_id/491, line 22: unreachable code after return statement
1614132497889	Marionette	INFO	Stopped listening on port 53231

###!!! [Child][RunMessage] Error: Channel closing: too late to send/recv, messages will be lost

1614132579375	geckodriver	INFO	Listening on 127.0.0.1:53359
1614132586482	mozrunner::runner	INFO	Running command: "C:\\Program Files\\Mozilla Firefox\\firefox.exe" "--marionette" "-foreground" "-no-remote" "-profile" "C:\\Users\\mwies\\AppData\\Local\\Temp\\rust_mozprofilekLOeMI"
1614132587953	Marionette	INFO	Listening on port 53370
1614132588034	Marionette	WARN	TLS certificate errors will be ignored for this session
1614132588051	Marionette	ERROR	[15] No reply from Marionette:Register
1614132588483	Marionette	WARN	Ignoring event 'DOMContentLoaded' because document has an invalid readyState of 'complete'.
JavaScript warning: https://www.goodlifefitness.com/_Incapsula_Resource?SWJIYLWA=719d34d31c8e3a6e6fffd425f7e032f3&ns=12&cb=1488392132, line 1: unreachable code after return statement
JavaScript warning: https://www.goodlifefitness.com/_Incapsula_Resource?SWJIYLWA=719d34d31c8e3a6e6fffd425f7e032f3&ns=12&cb=1488392132, line 1: unreachable code after return statement
JavaScript warning: https://www.goodlifefitness.com/_Incapsula_Resource?SWJIYLWA=719d34d31c8e3a6e6fffd425f7e032f3&ns=12&cb=1488392132, line 1: unreachable code after return statement
JavaScript warning: https://www.goodlifefitness.com/_Incapsula_Resource?SWJIYLWA=719d34d31c8e3a6e6fffd425f7e032f3&ns=12&cb=1488392132 line 1 > eval, line 1: unreachable code after return statement
JavaScript warning: https://www.goodlifefitness.com/_Incapsula_Resource?SWJIYLWA=719d34d31c8e3a6e6fffd425f7e032f3&ns=12&cb=1488392132 line 1 > eval, line 1: unreachable code after return statement
JavaScript warning: https://www.goodlifefitness.com/_Incapsula_Resource?SWJIYLWA=719d34d31c8e3a6e6fffd425f7e032f3&ns=1&cb=2122034788, line 1: unreachable code after return statement
JavaScript warning: https://www.goodlifefitness.com/_Incapsula_Resource?SWJIYLWA=719d34d31c8e3a6e6fffd425f7e032f3&ns=1&cb=2122034788, line 1: unreachable code after return statement
JavaScript warning: https://www.goodlifefitness.com/_Incapsula_Resource?SWJIYLWA=719d34d31c8e3a6e6fffd425f7e032f3&ns=1&cb=2122034788, line 1: unreachable code after return statement
JavaScript warning: https://www.goodlifefitness.com/_Incapsula_Resource?SWJIYLWA=719d34d31c8e3a6e6fffd425f7e032f3&ns=1&cb=2122034788 line 1 > eval, line 1: unreachable code after return statement
JavaScript warning: https://www.goodlifefitness.com/_Incapsula_Resource?SWJIYLWA=719d34d31c8e3a6e6fffd425f7e032f3&ns=1&cb=2122034788 line 1 > eval, line 1: unreachable code after return statement
JavaScript warning: https://platform.vixyvideo.com/p/491/sp/49100/embedIframeJs/uiconf_id/23453897/partner_id/491, line 22: unreachable code after return statement
1614132623079	Marionette	INFO	Stopped listening on port 53370

###!!! [Child][RunMessage] Error: Channel closing: too late to send/recv, messages will be lost

1614134346387	geckodriver	INFO	Listening on 127.0.0.1:63662
1614134353713	mozrunner::runner	INFO	Running command: "C:\\Program Files\\Mozilla Firefox\\firefox.exe" "--marionette" "-foreground" "-no-remote" "-profile" "C:\\Users\\mwies\\AppData\\Local\\Temp\\rust_mozprofileGlk3Pc"
1614134355374	Marionette	INFO	Listening on port 63675
1614134355753	Marionette	WARN	TLS certificate errors will be ignored for this session
1614134355772	Marionette	ERROR	[15] No reply from Marionette:Register
1614134356228	Marionette	WARN	Ignoring event 'DOMContentLoaded' because document has an invalid readyState of 'complete'.
JavaScript warning: https://www.goodlifefitness.com/_Incapsula_Resource?SWJIYLWA=719d34d31c8e3a6e6fffd425f7e032f3&ns=12&cb=1442999760, line 1: unreachable code after return statement
JavaScript warning: https://www.goodlifefitness.com/_Incapsula_Resource?SWJIYLWA=719d34d31c8e3a6e6fffd425f7e032f3&ns=12&cb=1442999760, line 1: unreachable code after return statement
JavaScript warning: https://www.goodlifefitness.com/_Incapsula_Resource?SWJIYLWA=719d34d31c8e3a6e6fffd425f7e032f3&ns=12&cb=1442999760, line 1: unreachable code after return statement
JavaScript warning: https://www.goodlifefitness.com/_Incapsula_Resource?SWJIYLWA=719d34d31c8e3a6e6fffd425f7e032f3&ns=12&cb=1442999760 line 1 > eval, line 1: unreachable code after return statement
JavaScript warning: https://www.goodlifefitness.com/_Incapsula_Resource?SWJIYLWA=719d34d31c8e3a6e6fffd425f7e032f3&ns=12&cb=1442999760 line 1 > eval, line 1: unreachable code after return statement
JavaScript warning: https://www.goodlifefitness.com/_Incapsula_Resource?SWJIYLWA=719d34d31c8e3a6e6fffd425f7e032f3&ns=1&cb=1611769884, line 1: unreachable code after return statement
JavaScript warning: https://www.goodlifefitness.com/_Incapsula_Resource?SWJIYLWA=719d34d31c8e3a6e6fffd425f7e032f3&ns=1&cb=1611769884, line 1: unreachable code after return statement
JavaScript warning: https://www.goodlifefitness.com/_Incapsula_Resource?SWJIYLWA=719d34d31c8e3a6e6fffd425f7e032f3&ns=1&cb=1611769884, line 1: unreachable code after return statement
JavaScript warning: https://www.goodlifefitness.com/_Incapsula_Resource?SWJIYLWA=719d34d31c8e3a6e6fffd425f7e032f3&ns=1&cb=1611769884 line 1 > eval, line 1: unreachable code after return statement
JavaScript warning: https://www.goodlifefitness.com/_Incapsula_Resource?SWJIYLWA=719d34d31c8e3a6e6fffd425f7e032f3&ns=1&cb=1611769884 line 1 > eval, line 1: unreachable code after return statement
JavaScript warning: https://platform.vixyvideo.com/p/491/sp/49100/embedIframeJs/uiconf_id/23453897/partner_id/491, line 22: unreachable code after return statement
[Parent 3508, IPC I/O Parent] WARNING: file /builds/worker/checkouts/gecko/ipc/chromium/src/base/process_util_win.cc:167
1614134389624	Marionette	INFO	Stopped listening on port 63675

###!!! [Child][RunMessage] Error: Channel closing: too late to send/recv, messages will be lost

1614134854128	geckodriver	INFO	Listening on 127.0.0.1:64170
1614134861303	mozrunner::runner	INFO	Running command: "C:\\Program Files\\Mozilla Firefox\\firefox.exe" "--marionette" "-foreground" "-no-remote" "-profile" "C:\\Users\\mwies\\AppData\\Local\\Temp\\rust_mozprofileQTCLg4"
1614134862806	Marionette	INFO	Listening on port 64183
1614134862848	Marionette	WARN	TLS certificate errors will be ignored for this session
1614134862867	Marionette	ERROR	[15] No reply from Marionette:Register
1614134863332	Marionette	WARN	Ignoring event 'DOMContentLoaded' because document has an invalid readyState of 'complete'.
JavaScript warning: https://www.goodlifefitness.com/_Incapsula_Resource?SWJIYLWA=719d34d31c8e3a6e6fffd425f7e032f3&ns=12&cb=36285006, line 1: unreachable code after return statement
JavaScript warning: https://www.goodlifefitness.com/_Incapsula_Resource?SWJIYLWA=719d34d31c8e3a6e6fffd425f7e032f3&ns=12&cb=36285006 line 1 > eval, line 1: unreachable code after return statement
JavaScript error: https://www.goodlifefitness.com/etc.clientlibs/goodlife/clientlibs/clientlib-base.min.ACSHASHf13eea5bc104689e6a5cd3cc8c259b0b.js, line 213: TypeError: e.response is undefined
1614134935460	Marionette	INFO	Stopped listening on port 64183
1614134940848	geckodriver	INFO	Listening on 127.0.0.1:64286
1614134948068	mozrunner::runner	INFO	Running command: "C:\\Program Files\\Mozilla Firefox\\firefox.exe" "--marionette" "-foreground" "-no-remote" "-profile" "C:\\Users\\mwies\\AppData\\Local\\Temp\\rust_mozprofiler2qhCf"
1614134949596	Marionette	INFO	Listening on port 64301
1614134949619	Marionette	WARN	TLS certificate errors will be ignored for this session
1614134949639	Marionette	ERROR	[15] No reply from Marionette:Register
1614134950067	Marionette	WARN	Ignoring event 'DOMContentLoaded' because document has an invalid readyState of 'complete'.
JavaScript warning: https://www.goodlifefitness.com/_Incapsula_Resource?SWJIYLWA=719d34d31c8e3a6e6fffd425f7e032f3&ns=12&cb=1408188622, line 1: unreachable code after return statement
JavaScript warning: https://www.goodlifefitness.com/_Incapsula_Resource?SWJIYLWA=719d34d31c8e3a6e6fffd425f7e032f3&ns=12&cb=1408188622, line 1: unreachable code after return statement
JavaScript warning: https://www.goodlifefitness.com/_Incapsula_Resource?SWJIYLWA=719d34d31c8e3a6e6fffd425f7e032f3&ns=12&cb=1408188622, line 1: unreachable code after return statement
JavaScript warning: https://www.goodlifefitness.com/_Incapsula_Resource?SWJIYLWA=719d34d31c8e3a6e6fffd425f7e032f3&ns=12&cb=1408188622 line 1 > eval, line 1: unreachable code after return statement
JavaScript warning: https://www.goodlifefitness.com/_Incapsula_Resource?SWJIYLWA=719d34d31c8e3a6e6fffd425f7e032f3&ns=12&cb=1408188622 line 1 > eval, line 1: unreachable code after return statement
JavaScript error: https://www.goodlifefitness.com/etc.clientlibs/goodlife/clientlibs/clientlib-base.min.ACSHASHf13eea5bc104689e6a5cd3cc8c259b0b.js, line 213: TypeError: e.response is undefined
console.log: WebExtensions: reset-default-search: No addons in our list are installed.
1614142303710	Marionette	INFO	Stopped listening on port 64301

###!!! [Child][RunMessage] Error: Channel closing: too late to send/recv, messages will be lost

Temp\\rust_mozprofilepkA70P"
1614135067407	Marionette	INFO	Listening on port 64471
1614135067892	Marionette	WARN	TLS certificate errors will be ignored for this session
1614135067911	Marionette	ERROR	[15] No reply from Marionette:Register
1614135068330	Marionette	WARN	Ignoring event 'DOMContentLoaded' because document has an invalid readyState of 'complete'.
JavaScript warning: https://www.goodlifefitness.com/_Incapsula_Resource?SWJIYLWA=719d34d31c8e3a6e6fffd425f7e032f3&ns=12&cb=550570222, line 1: unreachable code after return statement
JavaScript warning: https://www.goodlifefitness.com/_Incapsula_Resource?SWJIYLWA=719d34d31c8e3a6e6fffd425f7e032f3&ns=12&cb=550570222 line 1 > eval, line 1: unreachable code after return statement
JavaScript warning: https://www.goodlifefitness.com/_Incapsula_Resource?SWJIYLWA=719d34d31c8e3a6e6fffd425f7e032f3&ns=1&cb=1117794411, line 1: unreachable code after return statement
JavaScript warning: https://www.goodlifefitness.com/_Incapsula_Resource?SWJIYLWA=719d34d31c8e3a6e6fffd425f7e032f3&ns=1&cb=1117794411, line 1: unreachable code after return statement
JavaScript warning: https://www.goodlifefitness.com/_Incapsula_Resource?SWJIYLWA=719d34d31c8e3a6e6fffd425f7e032f3&ns=1&cb=1117794411 line 1 > eval, line 1: unreachable code after return statement
JavaScript warning: https://www.goodlifefitness.com/_Incapsula_Resource?SWJIYLWA=719d34d31c8e3a6e6fffd425f7e032f3&ns=1&cb=1117794411 line 1 > eval, line 1: unreachable code after return statement
JavaScript warning: https://platform.vixyvideo.com/p/491/sp/49100/embedIframeJs/uiconf_id/23453897/partner_id/491, line 22: unreachable code after return statement
console.log: WebExtensions: reset-default-search: No addons in our list are installed.
1614142296760	Marionette	INFO	Stopped listening on port 64471

###!!! [Child][RunMessage] Error: Channel closing: too late to send/recv, messages will be lost

"--marionette" "-foreground" "-no-remote" "-profile" "C:\\Users\\mwies\\AppData\\Local\\Temp\\rust_mozprofile9qNOSj"
1614140834461	Marionette	INFO	Listening on port 51084
1614140834873	Marionette	WARN	TLS certificate errors will be ignored for this session
1614140834892	Marionette	ERROR	[15] No reply from Marionette:Register
1614140835317	Marionette	WARN	Ignoring event 'DOMContentLoaded' because document has an invalid readyState of 'complete'.
JavaScript warning: https://www.goodlifefitness.com/_Incapsula_Resource?SWJIYLWA=719d34d31c8e3a6e6fffd425f7e032f3&ns=13&cb=514585800, line 1: unreachable code after return statement
JavaScript warning: https://www.goodlifefitness.com/_Incapsula_Resource?SWJIYLWA=719d34d31c8e3a6e6fffd425f7e032f3&ns=13&cb=514585800, line 1: unreachable code after return statement
JavaScript warning: https://www.goodlifefitness.com/_Incapsula_Resource?SWJIYLWA=719d34d31c8e3a6e6fffd425f7e032f3&ns=13&cb=514585800 line 1 > eval, line 1: unreachable code after return statement
JavaScript warning: https://www.goodlifefitness.com/_Incapsula_Resource?SWJIYLWA=719d34d31c8e3a6e6fffd425f7e032f3&ns=1&cb=1970414380, line 1: unreachable code after return statement
JavaScript warning: https://www.goodlifefitness.com/_Incapsula_Resource?SWJIYLWA=719d34d31c8e3a6e6fffd425f7e032f3&ns=1&cb=1970414380, line 1: unreachable code after return statement
JavaScript warning: https://www.goodlifefitness.com/_Incapsula_Resource?SWJIYLWA=719d34d31c8e3a6e6fffd425f7e032f3&ns=1&cb=1970414380 line 1 > eval, line 1: unreachable code after return statement
JavaScript warning: https://www.goodlifefitness.com/_Incapsula_Resource?SWJIYLWA=719d34d31c8e3a6e6fffd425f7e032f3&ns=1&cb=1970414380 line 1 > eval, line 1: unreachable code after return statement
JavaScript warning: https://platform.vixyvideo.com/p/491/sp/49100/embedIframeJs/uiconf_id/23453897/partner_id/491, line 22: unreachable code after return statement
1614141180413	Marionette	INFO	Stopped listening on port 51084

###!!! [Child][RunMessage] Error: Channel closing: too late to send/recv, messages will be lost

"--marionette" "-foreground" "-no-remote" "-profile" "C:\\Users\\mwies\\AppData\\Local\\Temp\\rust_mozprofileHsMmqp"
1614141180858	Marionette	INFO	Listening on port 51718
1614141181259	Marionette	WARN	TLS certificate errors will be ignored for this session
1614141181278	Marionette	ERROR	[15] No reply from Marionette:Register
1614141181764	Marionette	WARN	Ignoring event 'DOMContentLoaded' because document has an invalid readyState of 'complete'.
JavaScript warning: https://www.goodlifefitness.com/_Incapsula_Resource?SWJIYLWA=719d34d31c8e3a6e6fffd425f7e032f3&ns=13&cb=826688873, line 1: unreachable code after return statement
JavaScript warning: https://www.goodlifefitness.com/_Incapsula_Resource?SWJIYLWA=719d34d31c8e3a6e6fffd425f7e032f3&ns=13&cb=826688873, line 1: unreachable code after return statement
JavaScript warning: https://www.goodlifefitness.com/_Incapsula_Resource?SWJIYLWA=719d34d31c8e3a6e6fffd425f7e032f3&ns=13&cb=826688873, line 1: unreachable code after return statement
JavaScript warning: https://www.goodlifefitness.com/_Incapsula_Resource?SWJIYLWA=719d34d31c8e3a6e6fffd425f7e032f3&ns=13&cb=826688873 line 1 > eval, line 1: unreachable code after return statement
JavaScript warning: https://www.goodlifefitness.com/_Incapsula_Resource?SWJIYLWA=719d34d31c8e3a6e6fffd425f7e032f3&ns=13&cb=826688873 line 1 > eval, line 1: unreachable code after return statement
JavaScript warning: https://www.goodlifefitness.com/_Incapsula_Resource?SWJIYLWA=719d34d31c8e3a6e6fffd425f7e032f3&ns=1&cb=1175307193, line 1: unreachable code after return statement
JavaScript warning: https://www.goodlifefitness.com/_Incapsula_Resource?SWJIYLWA=719d34d31c8e3a6e6fffd425f7e032f3&ns=1&cb=1175307193, line 1: unreachable code after return statement
JavaScript warning: https://www.goodlifefitness.com/_Incapsula_Resource?SWJIYLWA=719d34d31c8e3a6e6fffd425f7e032f3&ns=1&cb=1175307193 line 1 > eval, line 1: unreachable code after return statement
JavaScript warning: https://www.goodlifefitness.com/_Incapsula_Resource?SWJIYLWA=719d34d31c8e3a6e6fffd425f7e032f3&ns=1&cb=1175307193 line 1 > eval, line 1: unreachable code after return statement
JavaScript warning: https://platform.vixyvideo.com/p/491/sp/49100/embedIframeJs/uiconf_id/23453897/partner_id/491, line 22: unreachable code after return statement
console.log: WebExtensions: reset-default-search: No addons in our list are installed.
1614142293275	Marionette	INFO	Stopped listening on port 51718

###!!! [Child][RunMessage] Error: Channel closing: too late to send/recv, messages will be lost

"--marionette" "-foreground" "-no-remote" "-profile" "C:\\Users\\mwies\\AppData\\Local\\Temp\\rust_mozprofilepjTGre"
1614141808422	Marionette	INFO	Listening on port 52406
1614141808855	Marionette	WARN	TLS certificate errors will be ignored for this session
1614141808873	Marionette	ERROR	[15] No reply from Marionette:Register
1614141809288	Marionette	WARN	Ignoring event 'DOMContentLoaded' because document has an invalid readyState of 'complete'.
JavaScript warning: https://www.goodlifefitness.com/_Incapsula_Resource?SWJIYLWA=719d34d31c8e3a6e6fffd425f7e032f3&ns=13&cb=1530702977, line 1: unreachable code after return statement
JavaScript warning: https://www.goodlifefitness.com/_Incapsula_Resource?SWJIYLWA=719d34d31c8e3a6e6fffd425f7e032f3&ns=13&cb=1530702977, line 1: unreachable code after return statement
JavaScript warning: https://www.goodlifefitness.com/_Incapsula_Resource?SWJIYLWA=719d34d31c8e3a6e6fffd425f7e032f3&ns=13&cb=1530702977 line 1 > eval, line 1: unreachable code after return statement
JavaScript warning: https://www.goodlifefitness.com/_Incapsula_Resource?SWJIYLWA=719d34d31c8e3a6e6fffd425f7e032f3&ns=13&cb=1530702977 line 1 > eval, line 1: unreachable code after return statement
JavaScript warning: https://www.goodlifefitness.com/_Incapsula_Resource?SWJIYLWA=719d34d31c8e3a6e6fffd425f7e032f3&ns=1&cb=235759707, line 1: unreachable code after return statement
JavaScript warning: https://www.goodlifefitness.com/_Incapsula_Resource?SWJIYLWA=719d34d31c8e3a6e6fffd425f7e032f3&ns=1&cb=235759707, line 1: unreachable code after return statement
JavaScript warning: https://www.goodlifefitness.com/_Incapsula_Resource?SWJIYLWA=719d34d31c8e3a6e6fffd425f7e032f3&ns=1&cb=235759707, line 1: unreachable code after return statement
JavaScript warning: https://www.goodlifefitness.com/_Incapsula_Resource?SWJIYLWA=719d34d31c8e3a6e6fffd425f7e032f3&ns=1&cb=235759707 line 1 > eval, line 1: unreachable code after return statement
JavaScript warning: https://www.goodlifefitness.com/_Incapsula_Resource?SWJIYLWA=719d34d31c8e3a6e6fffd425f7e032f3&ns=1&cb=235759707 line 1 > eval, line 1: unreachable code after return statement
JavaScript warning: https://platform.vixyvideo.com/p/491/sp/49100/embedIframeJs/uiconf_id/23453897/partner_id/491, line 22: unreachable code after return statement
Marionette threw an error: NotFoundError: WindowGlobalParent.getActor: No such JSWindowActor 'MarionetteCommands'
getMarionetteCommandsActorProxy/get/<@chrome://marionette/content/actors/MarionetteCommandsParent.jsm:332:69
unregisterCommandsActor@chrome://marionette/content/actors/MarionetteCommandsParent.jsm:395:15
GeckoDriver.prototype.deleteSession@chrome://marionette/content/driver.js:3089:5
onClosed@chrome://marionette/content/server.js:196:17
close@chrome://marionette/content/transport.js:225:18
onInputStreamReady@chrome://marionette/content/transport.js:379:14

JavaScript error: , line 0: NotFoundError: No such JSWindowActor 'MarionetteCommands'
console.log: WebExtensions: reset-default-search: No addons in our list are installed.
[Parent 24204, IPC I/O Parent] WARNING: file /builds/worker/checkouts/gecko/ipc/chromium/src/base/process_util_win.cc:167
1614142285982	Marionette	INFO	Stopped listening on port 52406

###!!! [Child][RunMessage] Error: Channel closing: too late to send/recv, messages will be lost

ficate errors will be ignored for this session
1614142061247	Marionette	ERROR	[15] No reply from Marionette:Register
1614142061648	Marionette	WARN	Ignoring event 'DOMContentLoaded' because document has an invalid readyState of 'complete'.
JavaScript warning: https://www.goodlifefitness.com/_Incapsula_Resource?SWJIYLWA=719d34d31c8e3a6e6fffd425f7e032f3&ns=13&cb=1353502823, line 1: unreachable code after return statement
JavaScript warning: https://www.goodlifefitness.com/_Incapsula_Resource?SWJIYLWA=719d34d31c8e3a6e6fffd425f7e032f3&ns=13&cb=1353502823, line 1: unreachable code after return statement
JavaScript warning: https://www.goodlifefitness.com/_Incapsula_Resource?SWJIYLWA=719d34d31c8e3a6e6fffd425f7e032f3&ns=13&cb=1353502823, line 1: unreachable code after return statement
JavaScript warning: https://www.goodlifefitness.com/_Incapsula_Resource?SWJIYLWA=719d34d31c8e3a6e6fffd425f7e032f3&ns=13&cb=1353502823 line 1 > eval, line 1: unreachable code after return statement
JavaScript warning: https://www.goodlifefitness.com/_Incapsula_Resource?SWJIYLWA=719d34d31c8e3a6e6fffd425f7e032f3&ns=13&cb=1353502823 line 1 > eval, line 1: unreachable code after return statement
JavaScript warning: https://www.goodlifefitness.com/_Incapsula_Resource?SWJIYLWA=719d34d31c8e3a6e6fffd425f7e032f3&ns=1&cb=1899598892, line 1: unreachable code after return statement
JavaScript warning: https://www.goodlifefitness.com/_Incapsula_Resource?SWJIYLWA=719d34d31c8e3a6e6fffd425f7e032f3&ns=1&cb=1899598892, line 1: unreachable code after return statement
JavaScript warning: https://www.goodlifefitness.com/_Incapsula_Resource?SWJIYLWA=719d34d31c8e3a6e6fffd425f7e032f3&ns=1&cb=1899598892, line 1: unreachable code after return statement
JavaScript warning: https://www.goodlifefitness.com/_Incapsula_Resource?SWJIYLWA=719d34d31c8e3a6e6fffd425f7e032f3&ns=1&cb=1899598892 line 1 > eval, line 1: unreachable code after return statement
JavaScript warning: https://www.goodlifefitness.com/_Incapsula_Resource?SWJIYLWA=719d34d31c8e3a6e6fffd425f7e032f3&ns=1&cb=1899598892 line 1 > eval, line 1: unreachable code after return statement
JavaScript error: https://www.goodlifefitness.com/etc.clientlibs/goodlife/clientlibs/clientlib-base.min.ACSHASHf13eea5bc104689e6a5cd3cc8c259b0b.js, line 213: TypeError: document.querySelector(...) is null
1614142284527	Marionette	INFO	Stopped listening on port 52746

###!!! [Child][RunMessage] Error: Channel closing: too late to send/recv, messages will be lost

1614142771139	geckodriver	INFO	Listening on 127.0.0.1:53827
1614142778783	mozrunner::runner	INFO	Running command: "C:\\Program Files\\Mozilla Firefox\\firefox.exe" "--marionette" "-foreground" "-no-remote" "-profile" "C:\\Users\\mwies\\AppData\\Local\\Temp\\rust_mozprofilefqioBG"
1614142780278	Marionette	INFO	Listening on port 53853
1614142780362	Marionette	WARN	TLS certificate errors will be ignored for this session
1614142780381	Marionette	ERROR	[15] No reply from Marionette:Register
1614142780823	Marionette	WARN	Ignoring event 'DOMContentLoaded' because document has an invalid readyState of 'complete'.
JavaScript warning: https://www.goodlifefitness.com/_Incapsula_Resource?SWJIYLWA=719d34d31c8e3a6e6fffd425f7e032f3&ns=13&cb=650968669, line 1: unreachable code after return statement
JavaScript warning: https://www.goodlifefitness.com/_Incapsula_Resource?SWJIYLWA=719d34d31c8e3a6e6fffd425f7e032f3&ns=13&cb=650968669, line 1: unreachable code after return statement
JavaScript warning: https://www.goodlifefitness.com/_Incapsula_Resource?SWJIYLWA=719d34d31c8e3a6e6fffd425f7e032f3&ns=13&cb=650968669, line 1: unreachable code after return statement
JavaScript warning: https://www.goodlifefitness.com/_Incapsula_Resource?SWJIYLWA=719d34d31c8e3a6e6fffd425f7e032f3&ns=13&cb=650968669 line 1 > eval, line 1: unreachable code after return statement
JavaScript warning: https://www.goodlifefitness.com/_Incapsula_Resource?SWJIYLWA=719d34d31c8e3a6e6fffd425f7e032f3&ns=13&cb=650968669 line 1 > eval, line 1: unreachable code after return statement
JavaScript warning: https://www.goodlifefitness.com/_Incapsula_Resource?SWJIYLWA=719d34d31c8e3a6e6fffd425f7e032f3&ns=1&cb=189450711, line 1: unreachable code after return statement
JavaScript warning: https://www.goodlifefitness.com/_Incapsula_Resource?SWJIYLWA=719d34d31c8e3a6e6fffd425f7e032f3&ns=1&cb=189450711, line 1: unreachable code after return statement
JavaScript warning: https://www.goodlifefitness.com/_Incapsula_Resource?SWJIYLWA=719d34d31c8e3a6e6fffd425f7e032f3&ns=1&cb=189450711 line 1 > eval, line 1: unreachable code after return statement
JavaScript warning: https://platform.vixyvideo.com/p/491/sp/49100/embedIframeJs/uiconf_id/23453897/partner_id/491, line 22: unreachable code after return statement
[Parent 19692, IPC I/O Parent] WARNING: file /builds/worker/checkouts/gecko/ipc/chromium/src/base/process_util_win.cc:167
1614142804002	Marionette	INFO	Stopped listening on port 53853

###!!! [Child][RunMessage] Error: Channel closing: too late to send/recv, messages will be lost

1614142811767	geckodriver	INFO	Listening on 127.0.0.1:53980
1614142819294	mozrunner::runner	INFO	Running command: "C:\\Program Files\\Mozilla Firefox\\firefox.exe" "--marionette" "-foreground" "-no-remote" "-profile" "C:\\Users\\mwies\\AppData\\Local\\Temp\\rust_mozprofileyJ3NSw"
1614142820993	Marionette	INFO	Listening on port 53998
1614142821367	Marionette	WARN	TLS certificate errors will be ignored for this session
1614142821385	Marionette	ERROR	[15] No reply from Marionette:Register
1614142821859	Marionette	WARN	Ignoring event 'DOMContentLoaded' because document has an invalid readyState of 'complete'.
JavaScript warning: https://www.goodlifefitness.com/_Incapsula_Resource?SWJIYLWA=719d34d31c8e3a6e6fffd425f7e032f3&ns=13&cb=17981800, line 1: unreachable code after return statement
JavaScript warning: https://www.goodlifefitness.com/_Incapsula_Resource?SWJIYLWA=719d34d31c8e3a6e6fffd425f7e032f3&ns=13&cb=17981800, line 1: unreachable code after return statement
JavaScript warning: https://www.goodlifefitness.com/_Incapsula_Resource?SWJIYLWA=719d34d31c8e3a6e6fffd425f7e032f3&ns=13&cb=17981800, line 1: unreachable code after return statement
JavaScript warning: https://www.goodlifefitness.com/_Incapsula_Resource?SWJIYLWA=719d34d31c8e3a6e6fffd425f7e032f3&ns=13&cb=17981800 line 1 > eval, line 1: unreachable code after return statement
JavaScript warning: https://www.goodlifefitness.com/_Incapsula_Resource?SWJIYLWA=719d34d31c8e3a6e6fffd425f7e032f3&ns=13&cb=17981800 line 1 > eval, line 1: unreachable code after return statement
JavaScript warning: https://www.goodlifefitness.com/_Incapsula_Resource?SWJIYLWA=719d34d31c8e3a6e6fffd425f7e032f3&ns=1&cb=808075886, line 1: unreachable code after return statement
JavaScript warning: https://www.goodlifefitness.com/_Incapsula_Resource?SWJIYLWA=719d34d31c8e3a6e6fffd425f7e032f3&ns=1&cb=808075886, line 1: unreachable code after return statement
JavaScript warning: https://www.goodlifefitness.com/_Incapsula_Resource?SWJIYLWA=719d34d31c8e3a6e6fffd425f7e032f3&ns=1&cb=808075886, line 1: unreachable code after return statement
JavaScript warning: https://www.goodlifefitness.com/_Incapsula_Resource?SWJIYLWA=719d34d31c8e3a6e6fffd425f7e032f3&ns=1&cb=808075886 line 1 > eval, line 1: unreachable code after return statement
JavaScript warning: https://www.goodlifefitness.com/_Incapsula_Resource?SWJIYLWA=719d34d31c8e3a6e6fffd425f7e032f3&ns=1&cb=808075886 line 1 > eval, line 1: unreachable code after return statement
1614142889273	Marionette	INFO	Stopped listening on port 53998

###!!! [Child][RunMessage] Error: Channel closing: too late to send/recv, messages will be lost

"--marionette" "-foreground" "-no-remote" "-profile" "C:\\Users\\mwies\\AppData\\Local\\Temp\\rust_mozprofile0daktx"
1614142861222	Marionette	INFO	Listening on port 54148
1614142861714	Marionette	WARN	TLS certificate errors will be ignored for this session
1614142861735	Marionette	ERROR	[15] No reply from Marionette:Register
1614142862172	Marionette	WARN	Ignoring event 'DOMContentLoaded' because document has an invalid readyState of 'complete'.
JavaScript warning: https://www.goodlifefitness.com/_Incapsula_Resource?SWJIYLWA=719d34d31c8e3a6e6fffd425f7e032f3&ns=13&cb=1583688569, line 1: unreachable code after return statement
JavaScript warning: https://www.goodlifefitness.com/_Incapsula_Resource?SWJIYLWA=719d34d31c8e3a6e6fffd425f7e032f3&ns=13&cb=1583688569, line 1: unreachable code after return statement
JavaScript warning: https://www.goodlifefitness.com/_Incapsula_Resource?SWJIYLWA=719d34d31c8e3a6e6fffd425f7e032f3&ns=13&cb=1583688569, line 1: unreachable code after return statement
JavaScript warning: https://www.goodlifefitness.com/_Incapsula_Resource?SWJIYLWA=719d34d31c8e3a6e6fffd425f7e032f3&ns=13&cb=1583688569 line 1 > eval, line 1: unreachable code after return statement
JavaScript warning: https://www.goodlifefitness.com/_Incapsula_Resource?SWJIYLWA=719d34d31c8e3a6e6fffd425f7e032f3&ns=13&cb=1583688569 line 1 > eval, line 1: unreachable code after return statement
JavaScript error: https://www.goodlifefitness.com/etc.clientlibs/goodlife/clientlibs/clientlib-base.min.ACSHASHf13eea5bc104689e6a5cd3cc8c259b0b.js, line 213: TypeError: e.response is undefined
[Parent 23168, IPC I/O Parent] WARNING: file /builds/worker/checkouts/gecko/ipc/chromium/src/base/process_util_win.cc:167
1614142887786	Marionette	INFO	Stopped listening on port 54148

###!!! [Child][RunMessage] Error: Channel closing: too late to send/recv, messages will be lost

1614142896487	geckodriver	INFO	Listening on 127.0.0.1:54256
1614142904190	mozrunner::runner	INFO	Running command: "C:\\Program Files\\Mozilla Firefox\\firefox.exe" "--marionette" "-foreground" "-no-remote" "-profile" "C:\\Users\\mwies\\AppData\\Local\\Temp\\rust_mozprofile4CLjhj"
1614142905684	Marionette	INFO	Listening on port 54269
1614142905761	Marionette	WARN	TLS certificate errors will be ignored for this session
1614142905793	Marionette	ERROR	[15] No reply from Marionette:Register
1614142907476	Marionette	WARN	Ignoring event 'DOMContentLoaded' because document has an invalid readyState of 'complete'.
JavaScript warning: https://www.goodlifefitness.com/_Incapsula_Resource?SWJIYLWA=719d34d31c8e3a6e6fffd425f7e032f3&ns=13&cb=466717690, line 1: unreachable code after return statement
JavaScript warning: https://www.goodlifefitness.com/_Incapsula_Resource?SWJIYLWA=719d34d31c8e3a6e6fffd425f7e032f3&ns=13&cb=466717690, line 1: unreachable code after return statement
JavaScript warning: https://www.goodlifefitness.com/_Incapsula_Resource?SWJIYLWA=719d34d31c8e3a6e6fffd425f7e032f3&ns=13&cb=466717690, line 1: unreachable code after return statement
JavaScript warning: https://www.goodlifefitness.com/_Incapsula_Resource?SWJIYLWA=719d34d31c8e3a6e6fffd425f7e032f3&ns=13&cb=466717690 line 1 > eval, line 1: unreachable code after return statement
JavaScript warning: https://www.goodlifefitness.com/_Incapsula_Resource?SWJIYLWA=719d34d31c8e3a6e6fffd425f7e032f3&ns=13&cb=466717690 line 1 > eval, line 1: unreachable code after return statement
JavaScript error: https://www.goodlifefitness.com/etc.clientlibs/goodlife/clientlibs/clientlib-base.min.ACSHASHf13eea5bc104689e6a5cd3cc8c259b0b.js, line 213: TypeError: e.response is undefined
1614142939898	Marionette	INFO	Stopped listening on port 54269

###!!! [Child][RunMessage] Error: Channel closing: too late to send/recv, messages will be lost

1614221771847	geckodriver	INFO	Listening on 127.0.0.1:62280
1614221779226	mozrunner::runner	INFO	Running command: "C:\\Program Files\\Mozilla Firefox\\firefox.exe" "--marionette" "-foreground" "-no-remote" "-profile" "C:\\Users\\mwies\\AppData\\Local\\Temp\\rust_mozprofileb98J1R"
1614221780910	Marionette	INFO	Listening on port 62291
1614221781315	Marionette	WARN	TLS certificate errors will be ignored for this session
1614221781345	Marionette	ERROR	[15] No reply from Marionette:Register
1614221782009	Marionette	WARN	Ignoring event 'DOMContentLoaded' because document has an invalid readyState of 'complete'.
JavaScript warning: https://www.goodlifefitness.com/_Incapsula_Resource?SWJIYLWA=719d34d31c8e3a6e6fffd425f7e032f3&ns=19&cb=868159870, line 1: unreachable code after return statement
JavaScript warning: https://www.goodlifefitness.com/_Incapsula_Resource?SWJIYLWA=719d34d31c8e3a6e6fffd425f7e032f3&ns=19&cb=868159870, line 1: unreachable code after return statement
JavaScript warning: https://www.goodlifefitness.com/_Incapsula_Resource?SWJIYLWA=719d34d31c8e3a6e6fffd425f7e032f3&ns=19&cb=868159870, line 1: unreachable code after return statement
JavaScript warning: https://www.goodlifefitness.com/_Incapsula_Resource?SWJIYLWA=719d34d31c8e3a6e6fffd425f7e032f3&ns=19&cb=868159870 line 1 > eval, line 1: unreachable code after return statement
JavaScript warning: https://www.goodlifefitness.com/_Incapsula_Resource?SWJIYLWA=719d34d31c8e3a6e6fffd425f7e032f3&ns=19&cb=868159870 line 1 > eval, line 1: unreachable code after return statement
JavaScript warning: https://www.goodlifefitness.com/_Incapsula_Resource?SWJIYLWA=719d34d31c8e3a6e6fffd425f7e032f3&ns=1&cb=803928246, line 1: unreachable code after return statement
JavaScript warning: https://www.goodlifefitness.com/_Incapsula_Resource?SWJIYLWA=719d34d31c8e3a6e6fffd425f7e032f3&ns=1&cb=803928246, line 1: unreachable code after return statement
JavaScript warning: https://www.goodlifefitness.com/_Incapsula_Resource?SWJIYLWA=719d34d31c8e3a6e6fffd425f7e032f3&ns=1&cb=803928246, line 1: unreachable code after return statement
JavaScript warning: https://www.goodlifefitness.com/_Incapsula_Resource?SWJIYLWA=719d34d31c8e3a6e6fffd425f7e032f3&ns=1&cb=803928246 line 1 > eval, line 1: unreachable code after return statement
JavaScript warning: https://www.goodlifefitness.com/_Incapsula_Resource?SWJIYLWA=719d34d31c8e3a6e6fffd425f7e032f3&ns=1&cb=803928246 line 1 > eval, line 1: unreachable code after return statement
JavaScript warning: https://platform.vixyvideo.com/p/491/sp/49100/embedIframeJs/uiconf_id/23453897/partner_id/491, line 22: unreachable code after return statement
1614222043017	Marionette	INFO	Stopped listening on port 62291

###!!! [Child][RunMessage] Error: Channel closing: too late to send/recv, messages will be lost

1614222341006	geckodriver	INFO	Listening on 127.0.0.1:62741
1614222348316	mozrunner::runner	INFO	Running command: "C:\\Program Files\\Mozilla Firefox\\firefox.exe" "--marionette" "-foreground" "-no-remote" "-profile" "C:\\Users\\mwies\\AppData\\Local\\Temp\\rust_mozprofile92umlu"
1614222349914	Marionette	INFO	Listening on port 62750
1614222350375	Marionette	WARN	TLS certificate errors will be ignored for this session
1614222350395	Marionette	ERROR	[15] No reply from Marionette:Register
1614222351005	Marionette	WARN	Ignoring event 'DOMContentLoaded' because document has an invalid readyState of 'complete'.
JavaScript warning: https://www.goodlifefitness.com/_Incapsula_Resource?SWJIYLWA=719d34d31c8e3a6e6fffd425f7e032f3&ns=19&cb=1133693578, line 1: unreachable code after return statement
JavaScript warning: https://www.goodlifefitness.com/_Incapsula_Resource?SWJIYLWA=719d34d31c8e3a6e6fffd425f7e032f3&ns=19&cb=1133693578, line 1: unreachable code after return statement
JavaScript warning: https://www.goodlifefitness.com/_Incapsula_Resource?SWJIYLWA=719d34d31c8e3a6e6fffd425f7e032f3&ns=19&cb=1133693578 line 1 > eval, line 1: unreachable code after return statement
JavaScript warning: https://www.goodlifefitness.com/_Incapsula_Resource?SWJIYLWA=719d34d31c8e3a6e6fffd425f7e032f3&ns=1&cb=1862231682, line 1: unreachable code after return statement
JavaScript warning: https://www.goodlifefitness.com/_Incapsula_Resource?SWJIYLWA=719d34d31c8e3a6e6fffd425f7e032f3&ns=1&cb=1862231682, line 1: unreachable code after return statement
JavaScript warning: https://www.goodlifefitness.com/_Incapsula_Resource?SWJIYLWA=719d34d31c8e3a6e6fffd425f7e032f3&ns=1&cb=1862231682 line 1 > eval, line 1: unreachable code after return statement
JavaScript warning: https://platform.vixyvideo.com/p/491/sp/49100/embedIframeJs/uiconf_id/23453897/partner_id/491, line 22: unreachable code after return statement
console.log: WebExtensions: reset-default-search: No addons in our list are installed.
[Parent 28872, IPC I/O Parent] WARNING: file /builds/worker/checkouts/gecko/ipc/chromium/src/base/process_util_win.cc:167
1614223816018	Marionette	INFO	Stopped listening on port 62750

###!!! [Child][RunMessage] Error: Channel closing: too late to send/recv, messages will be lost

1614226225608	geckodriver	INFO	Listening on 127.0.0.1:64715
1614226232824	mozrunner::runner	INFO	Running command: "C:\\Program Files\\Mozilla Firefox\\firefox.exe" "--marionette" "-foreground" "-no-remote" "-profile" "C:\\Users\\mwies\\AppData\\Local\\Temp\\rust_mozprofileoZJCyG"
1614226234406	Marionette	INFO	Listening on port 64726
1614226234886	Marionette	WARN	TLS certificate errors will be ignored for this session
1614226234905	Marionette	ERROR	[15] No reply from Marionette:Register
1614226235530	Marionette	WARN	Ignoring event 'DOMContentLoaded' because document has an invalid readyState of 'complete'.
JavaScript warning: https://www.goodlifefitness.com/_Incapsula_Resource?SWJIYLWA=719d34d31c8e3a6e6fffd425f7e032f3&ns=19&cb=661226988, line 1: unreachable code after return statement
JavaScript warning: https://www.goodlifefitness.com/_Incapsula_Resource?SWJIYLWA=719d34d31c8e3a6e6fffd425f7e032f3&ns=19&cb=661226988, line 1: unreachable code after return statement
JavaScript warning: https://www.goodlifefitness.com/_Incapsula_Resource?SWJIYLWA=719d34d31c8e3a6e6fffd425f7e032f3&ns=19&cb=661226988 line 1 > eval, line 1: unreachable code after return statement
JavaScript warning: https://www.goodlifefitness.com/_Incapsula_Resource?SWJIYLWA=719d34d31c8e3a6e6fffd425f7e032f3&ns=1&cb=291475685, line 1: unreachable code after return statement
JavaScript warning: https://www.goodlifefitness.com/_Incapsula_Resource?SWJIYLWA=719d34d31c8e3a6e6fffd425f7e032f3&ns=1&cb=291475685, line 1: unreachable code after return statement
JavaScript warning: https://www.goodlifefitness.com/_Incapsula_Resource?SWJIYLWA=719d34d31c8e3a6e6fffd425f7e032f3&ns=1&cb=291475685, line 1: unreachable code after return statement
JavaScript warning: https://www.goodlifefitness.com/_Incapsula_Resource?SWJIYLWA=719d34d31c8e3a6e6fffd425f7e032f3&ns=1&cb=291475685 line 1 > eval, line 1: unreachable code after return statement
JavaScript warning: https://www.goodlifefitness.com/_Incapsula_Resource?SWJIYLWA=719d34d31c8e3a6e6fffd425f7e032f3&ns=1&cb=291475685 line 1 > eval, line 1: unreachable code after return statement
JavaScript warning: https://platform.vixyvideo.com/p/491/sp/49100/embedIframeJs/uiconf_id/23453897/partner_id/491, line 22: unreachable code after return statement
console.log: WebExtensions: reset-default-search: No addons 1614226629954	mozrunner::run[Parent 22732, IPC I/O Parent] WARNING: file /builds/worker/checkouts/gecko/ipc/chromium/src/base/process_util_win.cc:167
1614226632630	Marionette	INFO	Stopped listening on port 64726

###!!! [Child][RunMessage] Error: Channel closing: too late to send/recv, messages will be lost

ficate errors will be ignored for this session
1614226632035	Marionette	ERROR	[15] No reply from Marionette:Register
1614226632854	Marionette	WARN	Ignoring event 'DOMContentLoaded' because document has an invalid readyState of 'complete'.
JavaScript warning: https://www.goodlifefitness.com/_Incapsula_Resource?SWJIYLWA=719d34d31c8e3a6e6fffd425f7e032f3&ns=19&cb=1765099816, line 1: unreachable code after return statement
JavaScript warning: https://www.goodlifefitness.com/_Incapsula_Resource?SWJIYLWA=719d34d31c8e3a6e6fffd425f7e032f3&ns=19&cb=1765099816, line 1: unreachable code after return statement
JavaScript warning: https://www.goodlifefitness.com/_Incapsula_Resource?SWJIYLWA=719d34d31c8e3a6e6fffd425f7e032f3&ns=19&cb=1765099816 line 1 > eval, line 1: unreachable code after return statement
JavaScript warning: https://www.goodlifefitness.com/_Incapsula_Resource?SWJIYLWA=719d34d31c8e3a6e6fffd425f7e032f3&ns=1&cb=1395170926, line 1: unreachable code after return statement
JavaScript warning: https://www.goodlifefitness.com/_Incapsula_Resource?SWJIYLWA=719d34d31c8e3a6e6fffd425f7e032f3&ns=1&cb=1395170926, line 1: unreachable code after return statement
JavaScript warning: https://www.goodlifefitness.com/_Incapsula_Resource?SWJIYLWA=719d34d31c8e3a6e6fffd425f7e032f3&ns=1&cb=1395170926, line 1: unreachable code after return statement
JavaScript warning: https://www.goodlifefitness.com/_Incapsula_Resource?SWJIYLWA=719d34d31c8e3a6e6fffd425f7e032f3&ns=1&cb=1395170926 line 1 > eval, line 1: unreachable code after return statement
JavaScript warning: https://www.goodlifefitness.com/_Incapsula_Resource?SWJIYLWA=719d34d31c8e3a6e6fffd425f7e032f3&ns=1&cb=1395170926 line 1 > eval, line 1: unreachable code after return statement
JavaScript warning: https://platform.vixyvideo.com/p/491/sp/49100/embedIframeJs/uiconf_id/23453897/partner_id/491, line 22: unreachable code after return statement
[Parent 29116, IPC I/O Parent] WARNING: file /builds/worker/checkouts/gecko/ipc/chromium/src/base/process_util_win.cc:167
1614226659461	Marionette	INFO	Stopped listening on port 65077

###!!! [Child][RunMessage] Error: Channel closing: too late to send/recv, messages will be lost

1614226974787	geckodriver	INFO	Listening on 127.0.0.1:65310
1614226981976	mozrunner::runner	INFO	Running command: "C:\\Program Files\\Mozilla Firefox\\firefox.exe" "--marionette" "-foreground" "-no-remote" "-profile" "C:\\Users\\mwies\\AppData\\Local\\Temp\\rust_mozprofileh1izzb"
1614226983420	Marionette	INFO	Listening on port 65320
1614226983520	Marionette	WARN	TLS certificate errors will be ignored for this session
1614226983536	Marionette	ERROR	[15] No reply from Marionette:Register
1614226984277	Marionette	WARN	Ignoring event 'DOMContentLoaded' because document has an invalid readyState of 'complete'.
JavaScript warning: https://www.goodlifefitness.com/_Incapsula_Resource?SWJIYLWA=719d34d31c8e3a6e6fffd425f7e032f3&ns=19&cb=1507322325, line 1: unreachable code after return statement
JavaScript warning: https://www.goodlifefitness.com/_Incapsula_Resource?SWJIYLWA=719d34d31c8e3a6e6fffd425f7e032f3&ns=19&cb=1507322325, line 1: unreachable code after return statement
JavaScript warning: https://www.goodlifefitness.com/_Incapsula_Resource?SWJIYLWA=719d34d31c8e3a6e6fffd425f7e032f3&ns=19&cb=1507322325, line 1: unreachable code after return statement
JavaScript warning: https://www.goodlifefitness.com/_Incapsula_Resource?SWJIYLWA=719d34d31c8e3a6e6fffd425f7e032f3&ns=19&cb=1507322325 line 1 > eval, line 1: unreachable code after return statement
JavaScript warning: https://www.goodlifefitness.com/_Incapsula_Resource?SWJIYLWA=719d34d31c8e3a6e6fffd425f7e032f3&ns=19&cb=1507322325 line 1 > eval, line 1: unreachable code after return statement
JavaScript warning: https://www.goodlifefitness.com/_Incapsula_Resource?SWJIYLWA=719d34d31c8e3a6e6fffd425f7e032f3&ns=1&cb=600916418, line 1: unreachable code after return statement
JavaScript warning: https://www.goodlifefitness.com/_Incapsula_Resource?SWJIYLWA=719d34d31c8e3a6e6fffd425f7e032f3&ns=1&cb=600916418, line 1: unreachable code after return statement
JavaScript warning: https://www.goodlifefitness.com/_Incapsula_Resource?SWJIYLWA=719d34d31c8e3a6e6fffd425f7e032f3&ns=1&cb=600916418 line 1 > eval, line 1: unreachable code after return statement
JavaScript warning: https://platform.vixyvideo.com/p/491/sp/49100/embedIframeJs/uiconf_id/23453897/partner_id/491, line 22: unreachable code after return statement
[Parent 2604, IPC I/O Parent] WARNING: file /builds/worker/checkouts/gecko/ipc/chromium/src/base/process_util_win.cc:167
1614227102334	Marionette	INFO	Stopped listening on port 65320

###!!! [Child][RunMessage] Error: Channel closing: too late to send/recv, messages will be lost

1614230160981	geckodriver	INFO	Listening on 127.0.0.1:51440
1614230168403	mozrunner::runner	INFO	Running command: "C:\\Program Files\\Mozilla Firefox\\firefox.exe" "--marionette" "-foreground" "-no-remote" "-profile" "C:\\Users\\mwies\\AppData\\Local\\Temp\\rust_mozprofilet4Amhl"
1614230170005	Marionette	INFO	Listening on port 51459
1614230170487	Marionette	WARN	TLS certificate errors will be ignored for this session
1614230170507	Marionette	ERROR	[15] No reply from Marionette:Register
1614230171197	Marionette	WARN	Ignoring event 'DOMContentLoaded' because document has an invalid readyState of 'complete'.
JavaScript warning: https://www.goodlifefitness.com/_Incapsula_Resource?SWJIYLWA=719d34d31c8e3a6e6fffd425f7e032f3&ns=19&cb=1631966728, line 1: unreachable code after return statement
JavaScript warning: https://www.goodlifefitness.com/_Incapsula_Resource?SWJIYLWA=719d34d31c8e3a6e6fffd425f7e032f3&ns=19&cb=1631966728, line 1: unreachable code after return statement
JavaScript warning: https://www.goodlifefitness.com/_Incapsula_Resource?SWJIYLWA=719d34d31c8e3a6e6fffd425f7e032f3&ns=19&cb=1631966728, line 1: unreachable code after return statement
JavaScript warning: https://www.goodlifefitness.com/_Incapsula_Resource?SWJIYLWA=719d34d31c8e3a6e6fffd425f7e032f3&ns=19&cb=1631966728 line 1 > eval, line 1: unreachable code after return statement
JavaScript warning: https://www.goodlifefitness.com/_Incapsula_Resource?SWJIYLWA=719d34d31c8e3a6e6fffd425f7e032f3&ns=19&cb=1631966728 line 1 > eval, line 1: unreachable code after return statement
JavaScript warning: https://www.goodlifefitness.com/_Incapsula_Resource?SWJIYLWA=719d34d31c8e3a6e6fffd425f7e032f3&ns=1&cb=1253874787, line 1: unreachable code after return statement
JavaScript warning: https://www.goodlifefitness.com/_Incapsula_Resource?SWJIYLWA=719d34d31c8e3a6e6fffd425f7e032f3&ns=1&cb=1253874787, line 1: unreachable code after return statement
JavaScript warning: https://www.goodlifefitness.com/_Incapsula_Resource?SWJIYLWA=719d34d31c8e3a6e6fffd425f7e032f3&ns=1&cb=1253874787 line 1 > eval, line 1: unreachable code after return statement
JavaScript warning: https://www.goodlifefitness.com/_Incapsula_Resource?SWJIYLWA=719d34d31c8e3a6e6fffd425f7e032f3&ns=1&cb=1253874787 line 1 > eval, line 1: unreachable code after return statement
JavaScript warning: https://platform.vixyvideo.com/p/491/sp/49100/embedIframeJs/uiconf_id/23453897/partner_id/491, line 22: unreachable code after return statement
[Parent 27500, IPC I/O Parent] WARNING: file /builds/worker/checkouts/gecko/ipc/chromium/src/base/process_util_win.cc:167
1614230198686	Marionette	INFO	Stopped listening on port 51459

###!!! [Child][RunMessage] Error: Channel closing: too late to send/recv, messages will be lost

1614311342782	geckodriver	INFO	Listening on 127.0.0.1:52618
1614311350127	mozrunner::runner	INFO	Running command: "C:\\Program Files\\Mozilla Firefox\\firefox.exe" "--marionette" "-foreground" "-no-remote" "-profile" "C:\\Users\\mwies\\AppData\\Local\\Temp\\rust_mozprofileUYK3gX"
1614311351825	Marionette	INFO	Listening on port 52629
1614311352204	Marionette	WARN	TLS certificate errors will be ignored for this session
1614311352216	Marionette	ERROR	[15] No reply from Marionette:Register
1614311352787	Marionette	WARN	Ignoring event 'DOMContentLoaded' because document has an invalid readyState of 'complete'.
JavaScript warning: https://www.goodlifefitness.com/_Incapsula_Resource?SWJIYLWA=719d34d31c8e3a6e6fffd425f7e032f3&ns=19&cb=1161053954, line 1: unreachable code after return statement
JavaScript warning: https://www.goodlifefitness.com/_Incapsula_Resource?SWJIYLWA=719d34d31c8e3a6e6fffd425f7e032f3&ns=19&cb=1161053954, line 1: unreachable code after return statement
JavaScript warning: https://www.goodlifefitness.com/_Incapsula_Resource?SWJIYLWA=719d34d31c8e3a6e6fffd425f7e032f3&ns=19&cb=1161053954 line 1 > eval, line 1: unreachable code after return statement
JavaScript warning: https://www.goodlifefitness.com/_Incapsula_Resource?SWJIYLWA=719d34d31c8e3a6e6fffd425f7e032f3&ns=1&cb=622176194, line 1: unreachable code after return statement
JavaScript warning: https://www.goodlifefitness.com/_Incapsula_Resource?SWJIYLWA=719d34d31c8e3a6e6fffd425f7e032f3&ns=1&cb=622176194, line 1: unreachable code after return statement
JavaScript warning: https://www.goodlifefitness.com/_Incapsula_Resource?SWJIYLWA=719d34d31c8e3a6e6fffd425f7e032f3&ns=1&cb=622176194, line 1: unreachable code after return statement
JavaScript warning: https://www.goodlifefitness.com/_Incapsula_Resource?SWJIYLWA=719d34d31c8e3a6e6fffd425f7e032f3&ns=1&cb=622176194 line 1 > eval, line 1: unreachable code after return statement
JavaScript warning: https://www.goodlifefitness.com/_Incapsula_Resource?SWJIYLWA=719d34d31c8e3a6e6fffd425f7e032f3&ns=1&cb=622176194 line 1 > eval, line 1: unreachable code after return statement
JavaScript warning: https://platform.vixyvideo.com/p/491/sp/49100/embedIframeJs/uiconf_id/23453897/partner_id/491, line 22: unreachable code after return statement
[Parent 7504, IPC I/O Parent] WARNING: file /builds/worker/checkouts/gecko/ipc/chromium/src/base/process_util_win.cc:167
1614311378670	Marionette	INFO	Stopped listening on port 52629

###!!! [Child][RunMessage] Error: Channel closing: too late to send/recv, messages will be lost

1614311455285	geckodriver	INFO	Listening on 127.0.0.1:52772
1614311462834	mozrunner::runner	INFO	Running command: "C:\\Program Files\\Mozilla Firefox\\firefox.exe" "--marionette" "-foreground" "-no-remote" "-profile" "C:\\Users\\mwies\\AppData\\Local\\Temp\\rust_mozprofilexXND6o"
1614311464331	Marionette	INFO	Listening on port 52783
1614311464411	Marionette	WARN	TLS certificate errors will be ignored for this session
1614311464425	Marionette	ERROR	[15] No reply from Marionette:Register
1614311465018	Marionette	WARN	Ignoring event 'DOMContentLoaded' because document has an invalid readyState of 'complete'.
JavaScript warning: https://www.goodlifefitness.com/_Incapsula_Resource?SWJIYLWA=719d34d31c8e3a6e6fffd425f7e032f3&ns=19&cb=1673317515, line 1: unreachable code after return statement
JavaScript warning: https://www.goodlifefitness.com/_Incapsula_Resource?SWJIYLWA=719d34d31c8e3a6e6fffd425f7e032f3&ns=19&cb=1673317515, line 1: unreachable code after return statement
JavaScript warning: https://www.goodlifefitness.com/_Incapsula_Resource?SWJIYLWA=719d34d31c8e3a6e6fffd425f7e032f3&ns=19&cb=1673317515 line 1 > eval, line 1: unreachable code after return statement
JavaScript warning: https://www.goodlifefitness.com/_Incapsula_Resource?SWJIYLWA=719d34d31c8e3a6e6fffd425f7e032f3&ns=1&cb=1371491944, line 1: unreachable code after return statement
JavaScript warning: https://www.goodlifefitness.com/_Incapsula_Resource?SWJIYLWA=719d34d31c8e3a6e6fffd425f7e032f3&ns=1&cb=1371491944, line 1: unreachable code after return statement
JavaScript warning: https://www.goodlifefitness.com/_Incapsula_Resource?SWJIYLWA=719d34d31c8e3a6e6fffd425f7e032f3&ns=1&cb=1371491944, line 1: unreachable code after return statement
JavaScript warning: https://www.goodlifefitness.com/_Incapsula_Resource?SWJIYLWA=719d34d31c8e3a6e6fffd425f7e032f3&ns=1&cb=1371491944 line 1 > eval, line 1: unreachable code after return statement
JavaScript warning: https://www.goodlifefitness.com/_Incapsula_Resource?SWJIYLWA=719d34d31c8e3a6e6fffd425f7e032f3&ns=1&cb=1371491944 line 1 > eval, line 1: unreachable code after return statement
JavaScript warning: https://platform.vixyvideo.com/p/491/sp/49100/embedIframeJs/uiconf_id/23453897/partner_id/491, line 22: unreachable code after return statement
1614311487409	Marionette	INFO	Stopped listening on port 52783

###!!! [Child][RunMessage] Error: Channel closing: too late to send/recv, messages will be lost

1614311605720	geckodriver	INFO	Listening on 127.0.0.1:53537
1614311613096	mozrunner::runner	INFO	Running command: "C:\\Program Files\\Mozilla Firefox\\firefox.exe" "--marionette" "-foreground" "-no-remote" "-profile" "C:\\Users\\mwies\\AppData\\Local\\Temp\\rust_mozprofileXrUbOQ"
1614311614483	Marionette	INFO	Listening on port 53584
1614311614639	Marionette	WARN	TLS certificate errors will be ignored for this session
1614311614655	Marionette	ERROR	[15] No reply from Marionette:Register
1614311615222	Marionette	WARN	Ignoring event 'DOMContentLoaded' because document has an invalid readyState of 'complete'.
JavaScript warning: https://www.goodlifefitness.com/_Incapsula_Resource?SWJIYLWA=719d34d31c8e3a6e6fffd425f7e032f3&ns=19&cb=977583598, line 1: unreachable code after return statement
JavaScript warning: https://www.goodlifefitness.com/_Incapsula_Resource?SWJIYLWA=719d34d31c8e3a6e6fffd425f7e032f3&ns=19&cb=977583598, line 1: unreachable code after return statement
JavaScript warning: https://www.goodlifefitness.com/_Incapsula_Resource?SWJIYLWA=719d34d31c8e3a6e6fffd425f7e032f3&ns=19&cb=977583598, line 1: unreachable code after return statement
JavaScript warning: https://www.goodlifefitness.com/_Incapsula_Resource?SWJIYLWA=719d34d31c8e3a6e6fffd425f7e032f3&ns=19&cb=977583598 line 1 > eval, line 1: unreachable code after return statement
JavaScript warning: https://www.goodlifefitness.com/_Incapsula_Resource?SWJIYLWA=719d34d31c8e3a6e6fffd425f7e032f3&ns=19&cb=977583598 line 1 > eval, line 1: unreachable code after return statement
JavaScript warning: https://www.goodlifefitness.com/_Incapsula_Resource?SWJIYLWA=719d34d31c8e3a6e6fffd425f7e032f3&ns=1&cb=589921888, line 1: unreachable code after return statement
JavaScript warning: https://www.goodlifefitness.com/_Incapsula_Resource?SWJIYLWA=719d34d31c8e3a6e6fffd425f7e032f3&ns=1&cb=589921888, line 1: unreachable code after return statement
JavaScript warning: https://www.goodlifefitness.com/_Incapsula_Resource?SWJIYLWA=719d34d31c8e3a6e6fffd425f7e032f3&ns=1&cb=589921888, line 1: unreachable code after return statement
JavaScript warning: https://www.goodlifefitness.com/_Incapsula_Resource?SWJIYLWA=719d34d31c8e3a6e6fffd425f7e032f3&ns=1&cb=589921888 line 1 > eval, line 1: unreachable code after return statement
JavaScript warning: https://www.goodlifefitness.com/_Incapsula_Resource?SWJIYLWA=719d34d31c8e3a6e6fffd425f7e032f3&ns=1&cb=589921888 line 1 > eval, line 1: unreachable code after return statement
JavaScript warning: https://platform.vixyvideo.com/p/491/sp/49100/embedIframeJs/uiconf_id/23453897/partner_id/491, line 22: unreachable code after return statement
1614311644949	Marionette	INFO	Stopped listening on port 53584
1614311907082	geckodriver	INFO	Listening on 127.0.0.1:54935
1614311914810	mozrunner::runner	INFO	Running command: "C:\\Program Files\\Mozilla Firefox\\firefox.exe" "--marionette" "-foreground" "-no-remote" "-profile" "C:\\Users\\mwies\\AppData\\Local\\Temp\\rust_mozprofilejyW4ST"
1614311916338	Marionette	INFO	Listening on port 54946
1614311916855	Marionette	WARN	TLS certificate errors will be ignored for this session
1614311916871	Marionette	ERROR	[15] No reply from Marionette:Register
1614311917479	Marionette	WARN	Ignoring event 'DOMContentLoaded' because document has an invalid readyState of 'complete'.
JavaScript warning: https://www.goodlifefitness.com/_Incapsula_Resource?SWJIYLWA=719d34d31c8e3a6e6fffd425f7e032f3&ns=19&cb=1782725846, line 1: unreachable code after return statement
JavaScript warning: https://www.goodlifefitness.com/_Incapsula_Resource?SWJIYLWA=719d34d31c8e3a6e6fffd425f7e032f3&ns=19&cb=1782725846, line 1: unreachable code after return statement
JavaScript warning: https://www.goodlifefitness.com/_Incapsula_Resource?SWJIYLWA=719d34d31c8e3a6e6fffd425f7e032f3&ns=19&cb=1782725846, line 1: unreachable code after return statement
JavaScript warning: https://www.goodlifefitness.com/_Incapsula_Resource?SWJIYLWA=719d34d31c8e3a6e6fffd425f7e032f3&ns=19&cb=1782725846 line 1 > eval, line 1: unreachable code after return statement
JavaScript warning: https://www.goodlifefitness.com/_Incapsula_Resource?SWJIYLWA=719d34d31c8e3a6e6fffd425f7e032f3&ns=19&cb=1782725846 line 1 > eval, line 1: unreachable code after return statement
JavaScript warning: https://www.goodlifefitness.com/_Incapsula_Resource?SWJIYLWA=719d34d31c8e3a6e6fffd425f7e032f3&ns=1&cb=354198831, line 1: unreachable code after return statement
JavaScript warning: https://www.goodlifefitness.com/_Incapsula_Resource?SWJIYLWA=719d34d31c8e3a6e6fffd425f7e032f3&ns=1&cb=354198831, line 1: unreachable code after return statement
JavaScript warning: https://www.goodlifefitness.com/_Incapsula_Resource?SWJIYLWA=719d34d31c8e3a6e6fffd425f7e032f3&ns=1&cb=354198831, line 1: unreachable code after return statement
JavaScript warning: https://www.goodlifefitness.com/_Incapsula_Resource?SWJIYLWA=719d34d31c8e3a6e6fffd425f7e032f3&ns=1&cb=354198831 line 1 > eval, line 1: unreachable code after return statement
JavaScript warning: https://www.goodlifefitness.com/_Incapsula_Resource?SWJIYLWA=719d34d31c8e3a6e6fffd425f7e032f3&ns=1&cb=354198831 line 1 > eval, line 1: unreachable code after return statement
JavaScript warning: https://platform.vixyvideo.com/p/491/sp/49100/embedIframeJs/uiconf_id/23453897/partner_id/491, line 22: unreachable code after return statement
1614312077165	Marionette	INFO	Stopped listening on port 54941614312077295	mozrunner::runner	INFO	Running command: "C:\\Program Files\\Mozilla Firefox\\firefox.exe" "--marionette" "-foreground" "-no-remote" "-profile" "C:\\Users\\mwies\\AppData\\Local\\Temp\\rust_mozprofileAYuFlV"
1614312078769	Marionette	INFO	Listening on port 55141
1614312078842	Marionette	WARN	TLS certificate errors will be ignored for this session
1614312078858	Marionette	ERROR	[15] No reply from Marionette:Register
1614312079446	Marionette	WARN	Ignoring event 'DOMContentLoaded' because document has an invalid readyState of 'complete'.
JavaScript warning: https://www.goodlifefitness.com/_Incapsula_Resource?SWJIYLWA=719d34d31c8e3a6e6fffd425f7e032f3&ns=19&cb=1896952351, line 1: unreachable code after return statement
JavaScript warning: https://www.goodlifefitness.com/_Incapsula_Resource?SWJIYLWA=719d34d31c8e3a6e6fffd425f7e032f3&ns=19&cb=1896952351, line 1: unreachable code after return statement
JavaScript warning: https://www.goodlifefitness.com/_Incapsula_Resource?SWJIYLWA=719d34d31c8e3a6e6fffd425f7e032f3&ns=19&cb=1896952351 line 1 > eval, line 1: unreachable code after return statement
JavaScript warning: https://www.goodlifefitness.com/_Incapsula_Resource?SWJIYLWA=719d34d31c8e3a6e6fffd425f7e032f3&ns=1&cb=478320831, line 1: unreachable code after return statement
JavaScript warning: https://www.goodlifefitness.com/_Incapsula_Resource?SWJIYLWA=719d34d31c8e3a6e6fffd425f7e032f3&ns=1&cb=478320831, line 1: unreachable code after return statement
JavaScript warning: https://www.goodlifefitness.com/_Incapsula_Resource?SWJIYLWA=719d34d31c8e3a6e6fffd425f7e032f3&ns=1&cb=478320831 line 1 > eval, line 1: unreachable code after return statement
JavaScript warning: https://platform.vixyvideo.com/p/491/sp/49100/embedIframeJs/uiconf_id/23453897/partner_id/491, line 22: unreachable code after return statement
[Parent 22916, IPC I/O Parent] WARNING: file /builds/worker/checkouts/gecko/ipc/chromium/src/base/process_util_win.cc:167
1614312130158	Marionette	INFO	Stopped listening on port 55141

###!!! [Child][RunMessage] Error: Channel closing: too late to send/recv, messages will be lost

1614312511125	geckodriver	INFO	Listening on 127.0.0.1:57430
1614312518520	mozrunner::runner	INFO	Running command: "C:\\Program Files\\Mozilla Firefox\\firefox.exe" "--marionette" "-foreground" "-no-remote" "-profile" "C:\\Users\\mwies\\AppData\\Local\\Temp\\rust_mozprofiletLSgaz"
1614312520113	Marionette	INFO	Listening on port 57482
1614312520595	Marionette	WARN	TLS certificate errors will be ignored for this session
1614312520612	Marionette	ERROR	[15] No reply from Marionette:Register
1614312521191	Marionette	WARN	Ignoring event 'DOMContentLoaded' because document has an invalid readyState of 'complete'.
JavaScript warning: https://www.goodlifefitness.com/_Incapsula_Resource?SWJIYLWA=719d34d31c8e3a6e6fffd425f7e032f3&ns=19&cb=48087268, line 1: unreachable code after return statement
JavaScript warning: https://www.goodlifefitness.com/_Incapsula_Resource?SWJIYLWA=719d34d31c8e3a6e6fffd425f7e032f3&ns=19&cb=48087268, line 1: unreachable code after return statement
JavaScript warning: https://www.goodlifefitness.com/_Incapsula_Resource?SWJIYLWA=719d34d31c8e3a6e6fffd425f7e032f3&ns=19&cb=48087268, line 1: unreachable code after return statement
JavaScript warning: https://www.goodlifefitness.com/_Incapsula_Resource?SWJIYLWA=719d34d31c8e3a6e6fffd425f7e032f3&ns=19&cb=48087268 line 1 > eval, line 1: unreachable code after return statement
JavaScript warning: https://www.goodlifefitness.com/_Incapsula_Resource?SWJIYLWA=719d34d31c8e3a6e6fffd425f7e032f3&ns=19&cb=48087268 line 1 > eval, line 1: unreachable code after return statement
JavaScript warning: https://www.goodlifefitness.com/_Incapsula_Resource?SWJIYLWA=719d34d31c8e3a6e6fffd425f7e032f3&ns=1&cb=2087151900, line 1: unreachable code after return statement
JavaScript warning: https://www.goodlifefitness.com/_Incapsula_Resource?SWJIYLWA=719d34d31c8e3a6e6fffd425f7e032f3&ns=1&cb=2087151900, line 1: unreachable code after return statement
JavaScript warning: https://www.goodlifefitness.com/_Incapsula_Resource?SWJIYLWA=719d34d31c8e3a6e6fffd425f7e032f3&ns=1&cb=2087151900, line 1: unreachable code after return statement
JavaScript warning: https://www.goodlifefitness.com/_Incapsula_Resource?SWJIYLWA=719d34d31c8e3a6e6fffd425f7e032f3&ns=1&cb=2087151900 line 1 > eval, line 1: unreachable code after return statement
JavaScript warning: https://www.goodlifefitness.com/_Incapsula_Resource?SWJIYLWA=719d34d31c8e3a6e6fffd425f7e032f3&ns=1&cb=2087151900 line 1 > eval, line 1: unreachable code after return statement
JavaScript warning: https://platform.vixyvideo.com/p/491/sp/49100/embedIframeJs/uiconf_id/23453897/partner_id/491, line 22: unreachable code after return statement
1614312544374	Marionette	INFO	Stopped listening on port 57482

###!!! [Child][RunMessage] Error: Channel closing: too late to send/recv, messages will be lost

1614312631505	geckodriver	INFO	Listening on 127.0.0.1:58348
1614312638836	mozrunner::runner	INFO	Running command: "C:\\Program Files\\Mozilla Firefox\\firefox.exe" "--marionette" "-foreground" "-no-remote" "-profile" "C:\\Users\\mwies\\AppData\\Local\\Temp\\rust_mozprofileUsfALT"
[GFX1-]: RcANGLE(no compositor window)
[GFX1-]: Failed to connect WebRenderBridgeChild.
[GFX1-]: [D3D11] create swap chain failed: 0x887a0022, 0
[GFX1-]: [D3D11] Failed to init compositor with reason: FEATURE_FAILURE_D3D11_SWAP_CHAIN
[GFX1-]: [D3D11] create swap chain failed: 0x887a0022, 0
[GFX1-]: [D3D11] Failed to init compositor with reason: FEATURE_FAILURE_D3D11_SWAP_CHAIN
1614312640126	Marionette	INFO	Listening on port 58403
1614312640380	Marionette	WARN	TLS certificate errors will be ignored for this session
1614312640394	Marionette	ERROR	[15] No reply from Marionette:Register
1614312640973	Marionette	WARN	Ignoring event 'DOMContentLoaded' because document has an invalid readyState of 'complete'.
JavaScript warning: https://www.goodlifefitness.com/_Incapsula_Resource?SWJIYLWA=719d34d31c8e3a6e6fffd425f7e032f3&ns=19&cb=234254538, line 1: unreachable code after return statement
JavaScript warning: https://www.goodlifefitness.com/_Incapsula_Resource?SWJIYLWA=719d34d31c8e3a6e6fffd425f7e032f3&ns=19&cb=234254538, line 1: unreachable code after return statement
JavaScript warning: https://www.goodlifefitness.com/_Incapsula_Resource?SWJIYLWA=719d34d31c8e3a6e6fffd425f7e032f3&ns=19&cb=234254538 line 1 > eval, line 1: unreachable code after return statement
JavaScript warning: https://www.goodlifefitness.com/_Incapsula_Resource?SWJIYLWA=719d34d31c8e3a6e6fffd425f7e032f3&ns=19&cb=234254538 line 1 > eval, line 1: unreachable code after return statement
JavaScript warning: https://www.goodlifefitness.com/_Incapsula_Resource?SWJIYLWA=719d34d31c8e3a6e6fffd425f7e032f3&ns=1&cb=472015585, line 1: unreachable code after return statement
JavaScript warning: https://www.goodlifefitness.com/_Incapsula_Resource?SWJIYLWA=719d34d31c8e3a6e6fffd425f7e032f3&ns=1&cb=472015585, line 1: unreachable code after return statement
JavaScript warning: https://www.goodlifefitness.com/_Incapsula_Resource?SWJIYLWA=719d34d31c8e3a6e6fffd425f7e032f3&ns=1&cb=472015585, line 1: unreachable code after return statement
JavaScript warning: https://www.goodlifefitness.com/_Incapsula_Resource?SWJIYLWA=719d34d31c8e3a6e6fffd425f7e032f3&ns=1&cb=472015585 line 1 > eval, line 1: unreachable code after return statement
JavaScript warning: https://www.goodlifefitness.com/_Incapsula_Resource?SWJIYLWA=719d34d31c8e3a6e6fffd425f7e032f3&ns=1&cb=472015585 line 1 > eval, line 1: unreachable code after return statement
JavaScript warning: https://platform.vixyvideo.com/p/491/sp/49100/embedIframeJs/uiconf_id/23453897/partner_id/491, line 22: unreachable code after return statement
console.log: WebExtensions: reset-default-search: No addons in our list are installed.
1614313837741	geckodriver	INFO	Listening on 127.0.0.1:63876
1614313845334	mozrunner::runner	INFO	Running command: "C:\\Program Files\\Mozilla Firefox\\firefox.exe" "--marionette" "-foreground" "-no-remote" "-profile" "C:\\Users\\mwies\\AppData\\Local\\Temp\\rust_mozprofileCYyfrK"
[GFX1-]: RcANGLE(no compositor window)
[GFX1-]: Failed to connect WebRenderBridgeChild.
[GFX1-]: [D3D11] create swap chain failed: 0x887a0022, 0
[GFX1-]: [D3D11] Failed to init compositor with reason: FEATURE_FAILURE_D3D11_SWAP_CHAIN
[GFX1-]: [D3D11] create swap chain failed: 0x887a0022, 0
[GFX1-]: [D3D11] Failed to init compositor with reason: FEATURE_FAILURE_D3D11_SWAP_CHAIN
1614313846765	Marionette	INFO	Listening on port 63886
1614313846875	Marionette	WARN	TLS certificate errors will be ignored for this session
1614313846887	Marionette	ERROR	[15] No reply from Marionette:Register
1614313847558	Marionette	WARN	Ignoring event 'DOMContentLoaded' because document has an invalid readyState of 'complete'.
JavaScript warning: https://www.goodlifefitness.com/_Incapsula_Resource?SWJIYLWA=719d34d31c8e3a6e6fffd425f7e032f3&ns=19&cb=58715429, line 1: unreachable code after return statement
JavaScript warning: https://www.goodlifefitness.com/_Incapsula_Resource?SWJIYLWA=719d34d31c8e3a6e6fffd425f7e032f3&ns=19&cb=58715429, line 1: unreachable code after return statement
JavaScript warning: https://www.goodlifefitness.com/_Incapsula_Resource?SWJIYLWA=719d34d31c8e3a6e6fffd425f7e032f3&ns=19&cb=58715429, line 1: unreachable code after return statement
JavaScript warning: https://www.goodlifefitness.com/_Incapsula_Resource?SWJIYLWA=719d34d31c8e3a6e6fffd425f7e032f3&ns=19&cb=58715429 line 1 > eval, line 1: unreachable code after return statement
JavaScript warning: https://www.goodlifefitness.com/_Incapsula_Resource?SWJIYLWA=719d34d31c8e3a6e6fffd425f7e032f3&ns=19&cb=58715429 line 1 > eval, line 1: unreachable code after return statement
JavaScript warning: https://www.goodlifefitness.com/_Incapsula_Resource?SWJIYLWA=719d34d31c8e3a6e6fffd425f7e032f3&ns=1&cb=1229330496, line 1: unreachable code after return statement
JavaScript warning: https://www.goodlifefitness.com/_Incapsula_Resource?SWJIYLWA=719d34d31c8e3a6e6fffd425f7e032f3&ns=1&cb=1229330496, line 1: unreachable code after return statement
JavaScript warning: https://www.goodlifefitness.com/_Incapsula_Resource?SWJIYLWA=719d34d31c8e3a6e6fffd425f7e032f3&ns=1&cb=1229330496, line 1: unreachable code after return statement
JavaScript warning: https://www.goodlifefitness.com/_Incapsula_Resource?SWJIYLWA=719d34d31c8e3a6e6fffd425f7e032f3&ns=1&cb=1229330496 line 1 > eval, line 1: unreachable code after return statement
JavaScript warning: https://www.goodlifefitness.com/_Incapsula_Resource?SWJIYLWA=719d34d31c8e3a6e6fffd425f7e032f3&ns=1&cb=1229330496 line 1 > eval, line 1: unreachable code after return statement
JavaScript warning: https://platform.vixyvideo.com/p/491/sp/49100/embedIframeJs/uiconf_id/23453897/partner_id/491, line 22: unreachable code after return statement
console.log: WebExtensions: reset-default-search: No addons in our list are installed.
1614315681230	geckodriver	INFO	Listening on 127.0.0.1:55917
1614315688924	mozrunner::runner	INFO	Running command: "C:\\Program Files\\Mozilla Firefox\\firefox.exe" "--marionette" "-foreground" "-no-remote" "-profile" "C:\\Users\\mwies\\AppData\\Local\\Temp\\rust_mozprofileTNzLWX"
1614315690401	Marionette	INFO	Listening on port 55974
1614315690488	Marionette	WARN	TLS certificate errors will be ignored for this session
1614315690500	Marionette	ERROR	[15] No reply from Marionette:Register
1614315691123	Marionette	WARN	Ignoring event 'DOMContentLoaded' because document has an invalid readyState of 'complete'.
JavaScript warning: https://www.goodlifefitness.com/_Incapsula_Resource?SWJIYLWA=719d34d31c8e3a6e6fffd425f7e032f3&ns=19&cb=449164055, line 1: unreachable code after return statement
JavaScript warning: https://www.goodlifefitness.com/_Incapsula_Resource?SWJIYLWA=719d34d31c8e3a6e6fffd425f7e032f3&ns=19&cb=449164055, line 1: unreachable code after return statement
JavaScript warning: https://www.goodlifefitness.com/_Incapsula_Resource?SWJIYLWA=719d34d31c8e3a6e6fffd425f7e032f3&ns=19&cb=449164055, line 1: unreachable code after return statement
JavaScript warning: https://www.goodlifefitness.com/_Incapsula_Resource?SWJIYLWA=719d34d31c8e3a6e6fffd425f7e032f3&ns=19&cb=449164055 line 1 > eval, line 1: unreachable code after return statement
JavaScript warning: https://www.goodlifefitness.com/_Incapsula_Resource?SWJIYLWA=719d34d31c8e3a6e6fffd425f7e032f3&ns=19&cb=449164055 line 1 > eval, line 1: unreachable code after return statement
JavaScript error: https://www.goodlifefitness.com/etc.client1614315706084	mozrunner::runner	INFO	Running command: "C:\\Program Files\\Mozilla Firefox\\firefox.exe" "--marionette" "-foreground" "console.log: WebExtensions: reset-default-search: No addons in our list are installed.
1614316273311	Marionette	INFO	Stopped listening on port 55974

###!!! [Child][RunMessage] Error: Channel closing: too late to send/recv, messages will be lost

e	ERROR	[15] No reply from Marionette:Register
1614315708204	Marionette	WARN	Ignoring event 'DOMContentLoaded' because document has an invalid readyState of 'complete'.
JavaScript warning: https://www.goodlifefitness.com/_Incapsu1614315732938	mozrunner::runner	INFO	Running command: "C:\\Program Files\\Mozilla Firefox\\firefox.exe" "--marionette" "-foreground" "-no-remote" "-profile" "C:\\Users\\mwies\\AppData\\Local\\Temp\\rust_mozprofileI2MoaY"
1614315734375	Marionette	INFO	Listening on port 56341
1614315734490	Marionette	WARN	TLS certificate errors will be ignored for this session
1614315734500	Marionette	ERROR	[15] No reply from Marionette:Register
1614315735487	Marionette	WARN	Ignoring event 'DOMContentLoaded' because document has an invalid readyState of 'complete'.
JavaScript warning: https://www.goodlifefitness.com/_Incapsula_Resource?SWJIYLWA=719d34d31c8e3a6e6fffd425f7e032f3&ns=19&cb=1948950419, line 1: unreachable code after return statement
JavaScript warning: https://www.goodlifefitness.com/_Incapsula_Resource?SWJIYLWA=719d34d31c8e3a6e6fffd425f7e032f3&ns=19&cb=1948950419 line 1 >console.log: WebExtensions: reset-default-search: No addons in our list are installed.
[Parent 24960, IPC I/O Parent] WARNING: file /builds/worker/checkouts/gecko/ipc/chromium/src/base/process_util_win.cc:167
1614316264032	Marionette	INFO	Stopped listening on port 56129

###!!! [Child][RunMessage] Error: Channel closing: too late to send/recv, messages will be lost

 listening on port 56341

###!!! [Child][RunMessage] Error: Channel closing: too late to send/recv, messages will be lost

e	ERROR	[15] No reply from Marionette:Register
1614315748286	Marionette	WARN	Ignoring event 'DOMContentLoaded' because document has an invalid readyState of 'complete'.
JavaScript warning: https://www.goodlifefitness.com/_Incapsula_Resource?SWJIYLWA=719d34d31c8e3a6e6fffd425f7e032f3&ns=19&cb=1757150845, line 1: unreachable code after return statement
JavaScript warning: https://www.goodlifefitness.com/_Incapsula_Resource?SWJIYLWA=719d34d31c8e3a6e6fffd425f7e032f3&ns=19&cb=1757150845, line 1: unreachable code after return statement
JavaScript warning: https://www.goodlifefitness.com/_Incapsula_Resource?SWJIYLWA=719d34d31c8e3a6e6fffd425f7e032f3&ns=19&cb=1757150845 line 1 > eval, line 1: unreachable code after return statement
JavaScript warning: https://www.goodlifefitness.com/_Incapsula_Resource?SWJIYLWA=719d34d31c8e3a6e6fffd425f7e032f3&ns=19&cb=1757150845 line 1 > eval, line 1: unreachable code after return statement
console.log: WebExtensions: reset-default-search: No addons in our list are installed.
[Parent 27600, IPC I/O Parent] WARNING: file /builds/worker/checkouts/gecko/ipc/chromium/src/base/process_util_win.cc:167
1614316251622	Marionette	INFO	Stopped listening on port 56484

###!!! [Child][RunMessage] Error: Channel closing: too late to send/recv, messages will be lost

